<?xml version="1.0" encoding="utf-8"?>
<CoverageSession>
  <Summary numSequencePoints="466" visitedSequencePoints="309" numBranchPoints="90" visitedBranchPoints="57" sequenceCoverage="66.3" branchCoverage="63.33" maxCyclomaticComplexity="122" minCyclomaticComplexity="5" visitedClasses="24" numClasses="35" visitedMethods="60" numMethods="88" />
  <Modules>
    <Module hash="7ED13DC7-29EC-4C39-A598-2E36E41B14B0">
      <ModulePath>IdentityServer4.Testing.Infrastructure.dll</ModulePath>
      <ModuleTime>2020-09-29T06:10:03</ModuleTime>
      <ModuleName>IdentityServer4.Testing.Infrastructure</ModuleName>
      <Files>
        <File uid="1" fullPath="/home/sami/Dev/IdentityServer4.Contrib.AspNetCore.Testing/test/IdentityServer4.Testing.Infrastructure/Validators/ExtensionsGrantValidator.cs" />
        <File uid="2" fullPath="/home/sami/Dev/IdentityServer4.Contrib.AspNetCore.Testing/test/IdentityServer4.Testing.Infrastructure/Validators/ResourceOwnerValidatorWithDependencies.cs" />
        <File uid="3" fullPath="/home/sami/Dev/IdentityServer4.Contrib.AspNetCore.Testing/test/IdentityServer4.Testing.Infrastructure/Validators/SimpleResourceOwnerPasswordValidator.cs" />
        <File uid="4" fullPath="/home/sami/Dev/IdentityServer4.Contrib.AspNetCore.Testing/test/IdentityServer4.Testing.Infrastructure/Services/SimpleProfileService.cs" />
      </Files>
      <Classes>
        <Class>
          <Summary numSequencePoints="10" visitedSequencePoints="7" numBranchPoints="4" visitedBranchPoints="2" sequenceCoverage="70" branchCoverage="50" maxCyclomaticComplexity="4" minCyclomaticComplexity="1" visitedClasses="1" numClasses="1" visitedMethods="2" numMethods="2" />
          <FullName>IdentityServer4.Testing.Infrastructure.Validators.ExtensionsGrantValidator</FullName>
          <Methods>
            <Method cyclomaticComplexity="4" nPathComplexity="0" sequenceCoverage="66.66" branchCoverage="50" isConstructor="False" isGetter="False" isSetter="False" isStatic="True">
              <Summary numSequencePoints="9" visitedSequencePoints="6" numBranchPoints="4" visitedBranchPoints="2" sequenceCoverage="66.66" branchCoverage="50" maxCyclomaticComplexity="4" minCyclomaticComplexity="4" visitedClasses="0" numClasses="0" visitedMethods="1" numMethods="1" />
              <MetadataToken />
              <Name>System.Threading.Tasks.Task IdentityServer4.Testing.Infrastructure.Validators.ExtensionsGrantValidator::ValidateAsync(IdentityServer4.Validation.ExtensionGrantValidationContext)</Name>
              <FileRef uid="1" />
              <SequencePoints>
                <SequencePoint vc="1" uspid="14" ordinal="0" sl="14" sc="1" el="14" ec="2" bec="4" bev="2" fileid="1" />
                <SequencePoint vc="0" uspid="16" ordinal="1" sl="16" sc="1" el="16" ec="2" bec="0" bev="0" fileid="1" />
                <SequencePoint vc="0" uspid="17" ordinal="2" sl="17" sc="1" el="17" ec="2" bec="0" bev="0" fileid="1" />
                <SequencePoint vc="0" uspid="18" ordinal="3" sl="18" sc="1" el="18" ec="2" bec="0" bev="0" fileid="1" />
                <SequencePoint vc="1" uspid="21" ordinal="4" sl="21" sc="1" el="21" ec="2" bec="0" bev="0" fileid="1" />
                <SequencePoint vc="1" uspid="22" ordinal="5" sl="22" sc="1" el="22" ec="2" bec="0" bev="0" fileid="1" />
                <SequencePoint vc="1" uspid="23" ordinal="6" sl="23" sc="1" el="23" ec="2" bec="0" bev="0" fileid="1" />
                <SequencePoint vc="1" uspid="24" ordinal="7" sl="24" sc="1" el="24" ec="2" bec="0" bev="0" fileid="1" />
                <SequencePoint vc="1" uspid="26" ordinal="8" sl="26" sc="1" el="26" ec="2" bec="0" bev="0" fileid="1" />
              </SequencePoints>
              <BranchPoints>
                <BranchPoint vc="1" uspid="14" ordinal="0" path="0" offset="31" offsetend="33" sl="14" fileid="1" />
                <BranchPoint vc="0" uspid="14" ordinal="1" path="1" offset="31" offsetend="66" sl="14" fileid="1" />
                <BranchPoint vc="0" uspid="14" ordinal="2" path="0" offset="64" offsetend="66" sl="14" fileid="1" />
                <BranchPoint vc="1" uspid="14" ordinal="3" path="1" offset="64" offsetend="90" sl="14" fileid="1" />
              </BranchPoints>
              <MethodPoint vc="6" uspid="0" p8:type="SequencePoint" ordinal="0" offset="0" sc="0" sl="14" ec="1" el="26" bec="0" bev="0" fileid="1" xmlns:p8="xsi" />
            </Method>
            <Method cyclomaticComplexity="1" nPathComplexity="0" sequenceCoverage="100" branchCoverage="100" isConstructor="False" isGetter="True" isSetter="False" isStatic="True">
              <Summary numSequencePoints="1" visitedSequencePoints="1" numBranchPoints="0" visitedBranchPoints="0" sequenceCoverage="100" branchCoverage="100" maxCyclomaticComplexity="1" minCyclomaticComplexity="1" visitedClasses="0" numClasses="0" visitedMethods="1" numMethods="1" />
              <MetadataToken />
              <Name>System.String IdentityServer4.Testing.Infrastructure.Validators.ExtensionsGrantValidator::get_GrantType()</Name>
              <FileRef uid="1" />
              <SequencePoints>
                <SequencePoint vc="3" uspid="29" ordinal="0" sl="29" sc="1" el="29" ec="2" bec="0" bev="0" fileid="1" />
              </SequencePoints>
              <BranchPoints />
              <MethodPoint vc="1" uspid="0" p8:type="SequencePoint" ordinal="1" offset="1" sc="0" sl="29" ec="1" el="29" bec="0" bev="0" fileid="1" xmlns:p8="xsi" />
            </Method>
          </Methods>
        </Class>
        <Class>
          <Summary numSequencePoints="3" visitedSequencePoints="3" numBranchPoints="0" visitedBranchPoints="0" sequenceCoverage="100" branchCoverage="100" maxCyclomaticComplexity="1" minCyclomaticComplexity="1" visitedClasses="1" numClasses="1" visitedMethods="1" numMethods="1" />
          <FullName>IdentityServer4.Testing.Infrastructure.Validators.ResourceOwnerValidatorWithDependencies</FullName>
          <Methods>
            <Method cyclomaticComplexity="1" nPathComplexity="0" sequenceCoverage="100" branchCoverage="100" isConstructor="True" isGetter="False" isSetter="False" isStatic="True">
              <Summary numSequencePoints="3" visitedSequencePoints="3" numBranchPoints="0" visitedBranchPoints="0" sequenceCoverage="100" branchCoverage="100" maxCyclomaticComplexity="1" minCyclomaticComplexity="1" visitedClasses="0" numClasses="0" visitedMethods="1" numMethods="1" />
              <MetadataToken />
              <Name>System.Void IdentityServer4.Testing.Infrastructure.Validators.ResourceOwnerValidatorWithDependencies::.ctor(Microsoft.Extensions.Logging.ILogger`1&lt;IdentityServer4.Testing.Infrastructure.Validators.ResourceOwnerValidatorWithDependencies&gt;)</Name>
              <FileRef uid="2" />
              <SequencePoints>
                <SequencePoint vc="2" uspid="10" ordinal="0" sl="10" sc="1" el="10" ec="2" bec="0" bev="0" fileid="2" />
                <SequencePoint vc="2" uspid="12" ordinal="1" sl="12" sc="1" el="12" ec="2" bec="0" bev="0" fileid="2" />
                <SequencePoint vc="2" uspid="13" ordinal="2" sl="13" sc="1" el="13" ec="2" bec="0" bev="0" fileid="2" />
              </SequencePoints>
              <BranchPoints />
              <MethodPoint vc="3" uspid="0" p8:type="SequencePoint" ordinal="0" offset="0" sc="0" sl="10" ec="1" el="13" bec="0" bev="0" fileid="2" xmlns:p8="xsi" />
            </Method>
          </Methods>
        </Class>
        <Class>
          <Summary numSequencePoints="10" visitedSequencePoints="7" numBranchPoints="4" visitedBranchPoints="2" sequenceCoverage="70" branchCoverage="50" maxCyclomaticComplexity="4" minCyclomaticComplexity="4" visitedClasses="1" numClasses="1" visitedMethods="1" numMethods="1" />
          <FullName>IdentityServer4.Testing.Infrastructure.Validators.SimpleResourceOwnerPasswordValidator</FullName>
          <Methods>
            <Method cyclomaticComplexity="4" nPathComplexity="0" sequenceCoverage="70" branchCoverage="50" isConstructor="False" isGetter="False" isSetter="False" isStatic="True">
              <Summary numSequencePoints="10" visitedSequencePoints="7" numBranchPoints="4" visitedBranchPoints="2" sequenceCoverage="70" branchCoverage="50" maxCyclomaticComplexity="4" minCyclomaticComplexity="4" visitedClasses="0" numClasses="0" visitedMethods="1" numMethods="1" />
              <MetadataToken />
              <Name>System.Threading.Tasks.Task IdentityServer4.Testing.Infrastructure.Validators.SimpleResourceOwnerPasswordValidator::ValidateAsync(IdentityServer4.Validation.ResourceOwnerPasswordValidationContext)</Name>
              <FileRef uid="3" />
              <SequencePoints>
                <SequencePoint vc="7" uspid="14" ordinal="0" sl="14" sc="1" el="14" ec="2" bec="4" bev="2" fileid="3" />
                <SequencePoint vc="0" uspid="16" ordinal="1" sl="16" sc="1" el="16" ec="2" bec="0" bev="0" fileid="3" />
                <SequencePoint vc="0" uspid="17" ordinal="2" sl="17" sc="1" el="17" ec="2" bec="0" bev="0" fileid="3" />
                <SequencePoint vc="0" uspid="18" ordinal="3" sl="18" sc="1" el="18" ec="2" bec="0" bev="0" fileid="3" />
                <SequencePoint vc="7" uspid="21" ordinal="4" sl="21" sc="1" el="21" ec="2" bec="0" bev="0" fileid="3" />
                <SequencePoint vc="7" uspid="22" ordinal="5" sl="22" sc="1" el="22" ec="2" bec="0" bev="0" fileid="3" />
                <SequencePoint vc="7" uspid="23" ordinal="6" sl="23" sc="1" el="23" ec="2" bec="0" bev="0" fileid="3" />
                <SequencePoint vc="7" uspid="24" ordinal="7" sl="24" sc="1" el="24" ec="2" bec="0" bev="0" fileid="3" />
                <SequencePoint vc="7" uspid="25" ordinal="8" sl="25" sc="1" el="25" ec="2" bec="0" bev="0" fileid="3" />
                <SequencePoint vc="7" uspid="27" ordinal="9" sl="27" sc="1" el="27" ec="2" bec="0" bev="0" fileid="3" />
              </SequencePoints>
              <BranchPoints>
                <BranchPoint vc="7" uspid="14" ordinal="0" path="0" offset="16" offsetend="18" sl="14" fileid="3" />
                <BranchPoint vc="0" uspid="14" ordinal="1" path="1" offset="16" offsetend="36" sl="14" fileid="3" />
                <BranchPoint vc="0" uspid="14" ordinal="2" path="0" offset="34" offsetend="36" sl="14" fileid="3" />
                <BranchPoint vc="7" uspid="14" ordinal="3" path="1" offset="34" offsetend="60" sl="14" fileid="3" />
              </BranchPoints>
              <MethodPoint vc="7" uspid="0" p8:type="SequencePoint" ordinal="0" offset="0" sc="0" sl="14" ec="1" el="27" bec="0" bev="0" fileid="3" xmlns:p8="xsi" />
            </Method>
          </Methods>
        </Class>
        <Class>
          <Summary numSequencePoints="8" visitedSequencePoints="8" numBranchPoints="0" visitedBranchPoints="0" sequenceCoverage="100" branchCoverage="100" maxCyclomaticComplexity="1" minCyclomaticComplexity="1" visitedClasses="1" numClasses="1" visitedMethods="2" numMethods="2" />
          <FullName>IdentityServer4.Testing.Infrastructure.Services.SimpleProfileService</FullName>
          <Methods>
            <Method cyclomaticComplexity="1" nPathComplexity="0" sequenceCoverage="100" branchCoverage="100" isConstructor="False" isGetter="False" isSetter="False" isStatic="True">
              <Summary numSequencePoints="6" visitedSequencePoints="6" numBranchPoints="0" visitedBranchPoints="0" sequenceCoverage="100" branchCoverage="100" maxCyclomaticComplexity="1" minCyclomaticComplexity="1" visitedClasses="0" numClasses="0" visitedMethods="1" numMethods="1" />
              <MetadataToken />
              <Name>System.Threading.Tasks.Task IdentityServer4.Testing.Infrastructure.Services.SimpleProfileService::GetProfileDataAsync(IdentityServer4.Models.ProfileDataRequestContext)</Name>
              <FileRef uid="4" />
              <SequencePoints>
                <SequencePoint vc="4" uspid="16" ordinal="0" sl="16" sc="1" el="16" ec="2" bec="0" bev="0" fileid="4" />
                <SequencePoint vc="2" uspid="18" ordinal="1" sl="18" sc="1" el="18" ec="2" bec="0" bev="0" fileid="4" />
                <SequencePoint vc="2" uspid="19" ordinal="2" sl="19" sc="1" el="19" ec="2" bec="0" bev="0" fileid="4" />
                <SequencePoint vc="2" uspid="20" ordinal="3" sl="20" sc="1" el="20" ec="2" bec="0" bev="0" fileid="4" />
                <SequencePoint vc="2" uspid="21" ordinal="4" sl="21" sc="1" el="21" ec="2" bec="0" bev="0" fileid="4" />
                <SequencePoint vc="2" uspid="23" ordinal="5" sl="23" sc="1" el="23" ec="2" bec="0" bev="0" fileid="4" />
              </SequencePoints>
              <BranchPoints />
              <MethodPoint vc="6" uspid="0" p8:type="SequencePoint" ordinal="0" offset="0" sc="0" sl="16" ec="1" el="23" bec="0" bev="0" fileid="4" xmlns:p8="xsi" />
            </Method>
            <Method cyclomaticComplexity="1" nPathComplexity="0" sequenceCoverage="100" branchCoverage="100" isConstructor="False" isGetter="False" isSetter="False" isStatic="True">
              <Summary numSequencePoints="2" visitedSequencePoints="2" numBranchPoints="0" visitedBranchPoints="0" sequenceCoverage="100" branchCoverage="100" maxCyclomaticComplexity="1" minCyclomaticComplexity="1" visitedClasses="0" numClasses="0" visitedMethods="1" numMethods="1" />
              <MetadataToken />
              <Name>System.Threading.Tasks.Task IdentityServer4.Testing.Infrastructure.Services.SimpleProfileService::IsActiveAsync(IdentityServer4.Models.IsActiveContext)</Name>
              <FileRef uid="4" />
              <SequencePoints>
                <SequencePoint vc="3" uspid="28" ordinal="0" sl="28" sc="1" el="28" ec="2" bec="0" bev="0" fileid="4" />
                <SequencePoint vc="3" uspid="29" ordinal="1" sl="29" sc="1" el="29" ec="2" bec="0" bev="0" fileid="4" />
              </SequencePoints>
              <BranchPoints />
              <MethodPoint vc="2" uspid="0" p8:type="SequencePoint" ordinal="1" offset="1" sc="0" sl="28" ec="1" el="29" bec="0" bev="0" fileid="4" xmlns:p8="xsi" />
            </Method>
          </Methods>
        </Class>
      </Classes>
    </Module>
    <Module hash="B05A959F-D97F-4D2C-B39E-65BCDD622830">
      <ModulePath>IdentityServer4.Contrib.AspNetCore.Testing.dll</ModulePath>
      <ModuleTime>2020-09-29T06:10:03</ModuleTime>
      <ModuleName>IdentityServer4.Contrib.AspNetCore.Testing</ModuleName>
      <Files>
        <File uid="5" fullPath="/home/sami/Dev/IdentityServer4.Contrib.AspNetCore.Testing/src/IdentityServer4.Contrib.AspNetCore.Testing/Sinks/EventCaptureSink.cs" />
        <File uid="6" fullPath="/home/sami/Dev/IdentityServer4.Contrib.AspNetCore.Testing/src/IdentityServer4.Contrib.AspNetCore.Testing/Services/AbstractIdentityServerProxy.cs" />
        <File uid="7" fullPath="/home/sami/Dev/IdentityServer4.Contrib.AspNetCore.Testing/src/IdentityServer4.Contrib.AspNetCore.Testing/Services/IdentityServerHostProxy.cs" />
        <File uid="8" fullPath="/home/sami/Dev/IdentityServer4.Contrib.AspNetCore.Testing/src/IdentityServer4.Contrib.AspNetCore.Testing/Services/IdentityServerProxy.cs" />
        <File uid="9" fullPath="/home/sami/Dev/IdentityServer4.Contrib.AspNetCore.Testing/src/IdentityServer4.Contrib.AspNetCore.Testing/Services/IdentityServerWebHostProxy.cs" />
        <File uid="10" fullPath="/home/sami/Dev/IdentityServer4.Contrib.AspNetCore.Testing/src/IdentityServer4.Contrib.AspNetCore.Testing/Misc/DefaultLoggerProvider.cs" />
        <File uid="11" fullPath="/home/sami/Dev/IdentityServer4.Contrib.AspNetCore.Testing/src/IdentityServer4.Contrib.AspNetCore.Testing/Misc/IdentityServerEventCaptureStore.cs" />
        <File uid="12" fullPath="/home/sami/Dev/IdentityServer4.Contrib.AspNetCore.Testing/src/IdentityServer4.Contrib.AspNetCore.Testing/Configuration/ClientConfiguration.cs" />
        <File uid="13" fullPath="/home/sami/Dev/IdentityServer4.Contrib.AspNetCore.Testing/src/IdentityServer4.Contrib.AspNetCore.Testing/Configuration/UserLoginConfiguration.cs" />
        <File uid="14" fullPath="/home/sami/Dev/IdentityServer4.Contrib.AspNetCore.Testing/src/IdentityServer4.Contrib.AspNetCore.Testing/Builder/AbstractIdentityServerHostBuilder.cs" />
        <File uid="15" fullPath="/home/sami/Dev/IdentityServer4.Contrib.AspNetCore.Testing/src/IdentityServer4.Contrib.AspNetCore.Testing/Builder/IdentityServerTestHostBuilder.cs" />
        <File uid="16" fullPath="/home/sami/Dev/IdentityServer4.Contrib.AspNetCore.Testing/src/IdentityServer4.Contrib.AspNetCore.Testing/Builder/IdentityServerTestWebHostBuilder.cs" />
      </Files>
      <Classes>
        <Class>
          <Summary numSequencePoints="5" visitedSequencePoints="5" numBranchPoints="0" visitedBranchPoints="0" sequenceCoverage="100" branchCoverage="100" maxCyclomaticComplexity="1" minCyclomaticComplexity="1" visitedClasses="1" numClasses="1" visitedMethods="2" numMethods="2" />
          <FullName>IdentityServer4.Contrib.AspNetCore.Testing.Sinks.EventCaptureSink</FullName>
          <Methods>
            <Method cyclomaticComplexity="1" nPathComplexity="0" sequenceCoverage="100" branchCoverage="100" isConstructor="False" isGetter="False" isSetter="False" isStatic="True">
              <Summary numSequencePoints="2" visitedSequencePoints="2" numBranchPoints="0" visitedBranchPoints="0" sequenceCoverage="100" branchCoverage="100" maxCyclomaticComplexity="1" minCyclomaticComplexity="1" visitedClasses="0" numClasses="0" visitedMethods="1" numMethods="1" />
              <MetadataToken />
              <Name>System.Threading.Tasks.Task IdentityServer4.Contrib.AspNetCore.Testing.Sinks.EventCaptureSink::PersistAsync(IdentityServer4.Events.Event)</Name>
              <FileRef uid="5" />
              <SequencePoints>
                <SequencePoint vc="32" uspid="19" ordinal="0" sl="19" sc="1" el="19" ec="2" bec="0" bev="0" fileid="5" />
                <SequencePoint vc="32" uspid="20" ordinal="1" sl="20" sc="1" el="20" ec="2" bec="0" bev="0" fileid="5" />
              </SequencePoints>
              <BranchPoints />
              <MethodPoint vc="2" uspid="0" p8:type="SequencePoint" ordinal="0" offset="0" sc="0" sl="19" ec="1" el="20" bec="0" bev="0" fileid="5" xmlns:p8="xsi" />
            </Method>
            <Method cyclomaticComplexity="1" nPathComplexity="0" sequenceCoverage="100" branchCoverage="100" isConstructor="True" isGetter="False" isSetter="False" isStatic="True">
              <Summary numSequencePoints="3" visitedSequencePoints="3" numBranchPoints="0" visitedBranchPoints="0" sequenceCoverage="100" branchCoverage="100" maxCyclomaticComplexity="1" minCyclomaticComplexity="1" visitedClasses="0" numClasses="0" visitedMethods="1" numMethods="1" />
              <MetadataToken />
              <Name>System.Void IdentityServer4.Contrib.AspNetCore.Testing.Sinks.EventCaptureSink::.ctor(IdentityServer4.Contrib.AspNetCore.Testing.Misc.IdentityServerEventCaptureStore)</Name>
              <FileRef uid="5" />
              <SequencePoints>
                <SequencePoint vc="26" uspid="12" ordinal="0" sl="12" sc="1" el="12" ec="2" bec="0" bev="0" fileid="5" />
                <SequencePoint vc="26" uspid="14" ordinal="1" sl="14" sc="1" el="14" ec="2" bec="0" bev="0" fileid="5" />
                <SequencePoint vc="26" uspid="15" ordinal="2" sl="15" sc="1" el="15" ec="2" bec="0" bev="0" fileid="5" />
              </SequencePoints>
              <BranchPoints />
              <MethodPoint vc="3" uspid="0" p8:type="SequencePoint" ordinal="1" offset="1" sc="0" sl="12" ec="1" el="15" bec="0" bev="0" fileid="5" xmlns:p8="xsi" />
            </Method>
          </Methods>
        </Class>
        <Class>
          <Summary numSequencePoints="33" visitedSequencePoints="31" numBranchPoints="2" visitedBranchPoints="1" sequenceCoverage="93.93" branchCoverage="50" maxCyclomaticComplexity="2" minCyclomaticComplexity="1" visitedClasses="1" numClasses="1" visitedMethods="4" numMethods="4" />
          <FullName>IdentityServer4.Contrib.AspNetCore.Testing.Services.AbstractIdentityServerProxy</FullName>
          <Methods>
            <Method cyclomaticComplexity="1" nPathComplexity="0" sequenceCoverage="100" branchCoverage="100" isConstructor="False" isGetter="False" isSetter="False" isStatic="True">
              <Summary numSequencePoints="11" visitedSequencePoints="11" numBranchPoints="0" visitedBranchPoints="0" sequenceCoverage="100" branchCoverage="100" maxCyclomaticComplexity="1" minCyclomaticComplexity="1" visitedClasses="0" numClasses="0" visitedMethods="1" numMethods="1" />
              <MetadataToken />
              <Name>System.Threading.Tasks.Task`1&lt;IdentityModel.Client.TokenResponse&gt; IdentityServer4.Contrib.AspNetCore.Testing.Services.AbstractIdentityServerProxy::ExecuteResourceOwnerAccessTokenRequestAsync(System.Net.Http.HttpMessageInvoker,IdentityModel.Client.DiscoveryDocumentResponse,IdentityServer4.Contrib.AspNetCore.Testing.Configuration.ClientConfiguration,IdentityServer4.Contrib.AspNetCore.Testing.Configuration.UserLoginConfiguration,System.Collections.Generic.IDictionary`2&lt;System.String,System.String&gt;,System.Collections.Generic.IEnumerable`1&lt;System.String&gt;)</Name>
              <FileRef uid="6" />
              <SequencePoints>
                <SequencePoint vc="10" uspid="152" ordinal="0" sl="152" sc="1" el="152" ec="2" bec="0" bev="0" fileid="6" />
                <SequencePoint vc="10" uspid="153" ordinal="1" sl="153" sc="1" el="153" ec="2" bec="0" bev="0" fileid="6" />
                <SequencePoint vc="10" uspid="154" ordinal="2" sl="154" sc="1" el="154" ec="2" bec="0" bev="0" fileid="6" />
                <SequencePoint vc="10" uspid="155" ordinal="3" sl="155" sc="1" el="155" ec="2" bec="0" bev="0" fileid="6" />
                <SequencePoint vc="10" uspid="156" ordinal="4" sl="156" sc="1" el="156" ec="2" bec="0" bev="0" fileid="6" />
                <SequencePoint vc="10" uspid="157" ordinal="5" sl="157" sc="1" el="157" ec="2" bec="0" bev="0" fileid="6" />
                <SequencePoint vc="10" uspid="158" ordinal="6" sl="158" sc="1" el="158" ec="2" bec="0" bev="0" fileid="6" />
                <SequencePoint vc="10" uspid="159" ordinal="7" sl="159" sc="1" el="159" ec="2" bec="0" bev="0" fileid="6" />
                <SequencePoint vc="10" uspid="160" ordinal="8" sl="160" sc="1" el="160" ec="2" bec="0" bev="0" fileid="6" />
                <SequencePoint vc="10" uspid="161" ordinal="9" sl="161" sc="1" el="161" ec="2" bec="0" bev="0" fileid="6" />
                <SequencePoint vc="10" uspid="162" ordinal="10" sl="162" sc="1" el="162" ec="2" bec="0" bev="0" fileid="6" />
              </SequencePoints>
              <BranchPoints />
              <MethodPoint vc="11" uspid="0" p8:type="SequencePoint" ordinal="0" offset="0" sc="0" sl="152" ec="1" el="162" bec="0" bev="0" fileid="6" xmlns:p8="xsi" />
            </Method>
            <Method cyclomaticComplexity="1" nPathComplexity="0" sequenceCoverage="100" branchCoverage="100" isConstructor="False" isGetter="False" isSetter="False" isStatic="True">
              <Summary numSequencePoints="10" visitedSequencePoints="10" numBranchPoints="0" visitedBranchPoints="0" sequenceCoverage="100" branchCoverage="100" maxCyclomaticComplexity="1" minCyclomaticComplexity="1" visitedClasses="0" numClasses="0" visitedMethods="1" numMethods="1" />
              <MetadataToken />
              <Name>System.Threading.Tasks.Task`1&lt;IdentityModel.Client.TokenResponse&gt; IdentityServer4.Contrib.AspNetCore.Testing.Services.AbstractIdentityServerProxy::ExecuteRefreshAccessTokenRequestAsync(System.Net.Http.HttpMessageInvoker,IdentityModel.Client.DiscoveryDocumentResponse,IdentityServer4.Contrib.AspNetCore.Testing.Configuration.ClientConfiguration,System.String,System.Collections.Generic.IDictionary`2&lt;System.String,System.String&gt;,System.Collections.Generic.IEnumerable`1&lt;System.String&gt;)</Name>
              <FileRef uid="6" />
              <SequencePoints>
                <SequencePoint vc="2" uspid="168" ordinal="0" sl="168" sc="1" el="168" ec="2" bec="0" bev="0" fileid="6" />
                <SequencePoint vc="2" uspid="169" ordinal="1" sl="169" sc="1" el="169" ec="2" bec="0" bev="0" fileid="6" />
                <SequencePoint vc="2" uspid="170" ordinal="2" sl="170" sc="1" el="170" ec="2" bec="0" bev="0" fileid="6" />
                <SequencePoint vc="2" uspid="171" ordinal="3" sl="171" sc="1" el="171" ec="2" bec="0" bev="0" fileid="6" />
                <SequencePoint vc="2" uspid="172" ordinal="4" sl="172" sc="1" el="172" ec="2" bec="0" bev="0" fileid="6" />
                <SequencePoint vc="2" uspid="173" ordinal="5" sl="173" sc="1" el="173" ec="2" bec="0" bev="0" fileid="6" />
                <SequencePoint vc="2" uspid="174" ordinal="6" sl="174" sc="1" el="174" ec="2" bec="0" bev="0" fileid="6" />
                <SequencePoint vc="2" uspid="175" ordinal="7" sl="175" sc="1" el="175" ec="2" bec="0" bev="0" fileid="6" />
                <SequencePoint vc="2" uspid="176" ordinal="8" sl="176" sc="1" el="176" ec="2" bec="0" bev="0" fileid="6" />
                <SequencePoint vc="2" uspid="177" ordinal="9" sl="177" sc="1" el="177" ec="2" bec="0" bev="0" fileid="6" />
              </SequencePoints>
              <BranchPoints />
              <MethodPoint vc="10" uspid="0" p8:type="SequencePoint" ordinal="1" offset="1" sc="0" sl="168" ec="1" el="177" bec="0" bev="0" fileid="6" xmlns:p8="xsi" />
            </Method>
            <Method cyclomaticComplexity="1" nPathComplexity="0" sequenceCoverage="100" branchCoverage="100" isConstructor="False" isGetter="False" isSetter="False" isStatic="True">
              <Summary numSequencePoints="9" visitedSequencePoints="9" numBranchPoints="0" visitedBranchPoints="0" sequenceCoverage="100" branchCoverage="100" maxCyclomaticComplexity="1" minCyclomaticComplexity="1" visitedClasses="0" numClasses="0" visitedMethods="1" numMethods="1" />
              <MetadataToken />
              <Name>System.Threading.Tasks.Task`1&lt;IdentityModel.Client.TokenResponse&gt; IdentityServer4.Contrib.AspNetCore.Testing.Services.AbstractIdentityServerProxy::ExecuteClientAccessTokenRequestAsync(System.Net.Http.HttpMessageInvoker,IdentityModel.Client.DiscoveryDocumentResponse,IdentityServer4.Contrib.AspNetCore.Testing.Configuration.ClientConfiguration,System.Collections.Generic.IDictionary`2&lt;System.String,System.String&gt;,System.Collections.Generic.IEnumerable`1&lt;System.String&gt;)</Name>
              <FileRef uid="6" />
              <SequencePoints>
                <SequencePoint vc="3" uspid="182" ordinal="0" sl="182" sc="1" el="182" ec="2" bec="0" bev="0" fileid="6" />
                <SequencePoint vc="3" uspid="183" ordinal="1" sl="183" sc="1" el="183" ec="2" bec="0" bev="0" fileid="6" />
                <SequencePoint vc="3" uspid="184" ordinal="2" sl="184" sc="1" el="184" ec="2" bec="0" bev="0" fileid="6" />
                <SequencePoint vc="3" uspid="185" ordinal="3" sl="185" sc="1" el="185" ec="2" bec="0" bev="0" fileid="6" />
                <SequencePoint vc="3" uspid="186" ordinal="4" sl="186" sc="1" el="186" ec="2" bec="0" bev="0" fileid="6" />
                <SequencePoint vc="3" uspid="187" ordinal="5" sl="187" sc="1" el="187" ec="2" bec="0" bev="0" fileid="6" />
                <SequencePoint vc="3" uspid="188" ordinal="6" sl="188" sc="1" el="188" ec="2" bec="0" bev="0" fileid="6" />
                <SequencePoint vc="3" uspid="189" ordinal="7" sl="189" sc="1" el="189" ec="2" bec="0" bev="0" fileid="6" />
                <SequencePoint vc="3" uspid="190" ordinal="8" sl="190" sc="1" el="190" ec="2" bec="0" bev="0" fileid="6" />
              </SequencePoints>
              <BranchPoints />
              <MethodPoint vc="9" uspid="0" p8:type="SequencePoint" ordinal="2" offset="2" sc="0" sl="182" ec="1" el="190" bec="0" bev="0" fileid="6" xmlns:p8="xsi" />
            </Method>
            <Method cyclomaticComplexity="2" nPathComplexity="0" sequenceCoverage="33.33" branchCoverage="50" isConstructor="False" isGetter="False" isSetter="False" isStatic="True">
              <Summary numSequencePoints="3" visitedSequencePoints="1" numBranchPoints="2" visitedBranchPoints="1" sequenceCoverage="33.33" branchCoverage="50" maxCyclomaticComplexity="2" minCyclomaticComplexity="2" visitedClasses="0" numClasses="0" visitedMethods="1" numMethods="1" />
              <MetadataToken />
              <Name>System.Void IdentityServer4.Contrib.AspNetCore.Testing.Services.AbstractIdentityServerProxy::EnsureDiscoverResponse(IdentityModel.Client.ProtocolResponse)</Name>
              <FileRef uid="6" />
              <SequencePoints>
                <SequencePoint vc="34" uspid="194" ordinal="0" sl="194" sc="1" el="194" ec="2" bec="2" bev="1" fileid="6" />
                <SequencePoint vc="0" uspid="196" ordinal="1" sl="196" sc="1" el="196" ec="2" bec="0" bev="0" fileid="6" />
                <SequencePoint vc="0" uspid="197" ordinal="2" sl="197" sc="1" el="197" ec="2" bec="0" bev="0" fileid="6" />
              </SequencePoints>
              <BranchPoints>
                <BranchPoint vc="17" uspid="194" ordinal="0" path="0" offset="6" offsetend="8" sl="194" fileid="6" />
                <BranchPoint vc="0" uspid="194" ordinal="1" path="1" offset="6" offsetend="9" sl="194" fileid="6" />
              </BranchPoints>
              <MethodPoint vc="1" uspid="0" p8:type="SequencePoint" ordinal="3" offset="3" sc="0" sl="194" ec="1" el="197" bec="0" bev="0" fileid="6" xmlns:p8="xsi" />
            </Method>
          </Methods>
        </Class>
        <Class>
          <Summary numSequencePoints="4" visitedSequencePoints="4" numBranchPoints="0" visitedBranchPoints="0" sequenceCoverage="100" branchCoverage="100" maxCyclomaticComplexity="1" minCyclomaticComplexity="1" visitedClasses="1" numClasses="1" visitedMethods="1" numMethods="1" />
          <FullName>IdentityServer4.Contrib.AspNetCore.Testing.Services.AbstractIdentityServerProxy/&lt;GetDiscoverResponseAsync&gt;d__2</FullName>
          <Methods>
            <Method cyclomaticComplexity="1" nPathComplexity="0" sequenceCoverage="100" branchCoverage="100" isConstructor="False" isGetter="False" isSetter="False" isStatic="True">
              <Summary numSequencePoints="4" visitedSequencePoints="4" numBranchPoints="0" visitedBranchPoints="0" sequenceCoverage="100" branchCoverage="100" maxCyclomaticComplexity="1" minCyclomaticComplexity="1" visitedClasses="0" numClasses="0" visitedMethods="1" numMethods="1" />
              <MetadataToken />
              <Name>System.Void IdentityServer4.Contrib.AspNetCore.Testing.Services.AbstractIdentityServerProxy/&lt;GetDiscoverResponseAsync&gt;d__2::MoveNext()</Name>
              <FileRef uid="6" />
              <SequencePoints>
                <SequencePoint vc="19" uspid="19" ordinal="0" sl="19" sc="1" el="19" ec="2" bec="0" bev="0" fileid="6" />
                <SequencePoint vc="19" uspid="20" ordinal="1" sl="20" sc="1" el="20" ec="2" bec="0" bev="0" fileid="6" />
                <SequencePoint vc="19" uspid="21" ordinal="2" sl="21" sc="1" el="21" ec="2" bec="0" bev="0" fileid="6" />
                <SequencePoint vc="19" uspid="22" ordinal="3" sl="22" sc="1" el="22" ec="2" bec="0" bev="0" fileid="6" />
              </SequencePoints>
              <BranchPoints />
              <MethodPoint vc="4" uspid="0" p8:type="SequencePoint" ordinal="0" offset="0" sc="0" sl="19" ec="1" el="22" bec="0" bev="0" fileid="6" xmlns:p8="xsi" />
            </Method>
          </Methods>
        </Class>
        <Class>
          <Summary numSequencePoints="13" visitedSequencePoints="13" numBranchPoints="0" visitedBranchPoints="0" sequenceCoverage="100" branchCoverage="100" maxCyclomaticComplexity="1" minCyclomaticComplexity="1" visitedClasses="1" numClasses="1" visitedMethods="1" numMethods="1" />
          <FullName>IdentityServer4.Contrib.AspNetCore.Testing.Services.AbstractIdentityServerProxy/&lt;GetTokenAsync&gt;d__3</FullName>
          <Methods>
            <Method cyclomaticComplexity="1" nPathComplexity="0" sequenceCoverage="100" branchCoverage="100" isConstructor="False" isGetter="False" isSetter="False" isStatic="True">
              <Summary numSequencePoints="13" visitedSequencePoints="13" numBranchPoints="0" visitedBranchPoints="0" sequenceCoverage="100" branchCoverage="100" maxCyclomaticComplexity="1" minCyclomaticComplexity="1" visitedClasses="0" numClasses="0" visitedMethods="1" numMethods="1" />
              <MetadataToken />
              <Name>System.Void IdentityServer4.Contrib.AspNetCore.Testing.Services.AbstractIdentityServerProxy/&lt;GetTokenAsync&gt;d__3::MoveNext()</Name>
              <FileRef uid="6" />
              <SequencePoints>
                <SequencePoint vc="1" uspid="27" ordinal="0" sl="27" sc="1" el="27" ec="2" bec="0" bev="0" fileid="6" />
                <SequencePoint vc="1" uspid="29" ordinal="1" sl="29" sc="1" el="29" ec="2" bec="0" bev="0" fileid="6" />
                <SequencePoint vc="1" uspid="31" ordinal="2" sl="31" sc="1" el="31" ec="2" bec="0" bev="0" fileid="6" />
                <SequencePoint vc="1" uspid="32" ordinal="3" sl="32" sc="1" el="32" ec="2" bec="0" bev="0" fileid="6" />
                <SequencePoint vc="1" uspid="34" ordinal="4" sl="34" sc="1" el="34" ec="2" bec="0" bev="0" fileid="6" />
                <SequencePoint vc="1" uspid="35" ordinal="5" sl="35" sc="1" el="35" ec="2" bec="0" bev="0" fileid="6" />
                <SequencePoint vc="1" uspid="36" ordinal="6" sl="36" sc="1" el="36" ec="2" bec="0" bev="0" fileid="6" />
                <SequencePoint vc="1" uspid="37" ordinal="7" sl="37" sc="1" el="37" ec="2" bec="0" bev="0" fileid="6" />
                <SequencePoint vc="1" uspid="38" ordinal="8" sl="38" sc="1" el="38" ec="2" bec="0" bev="0" fileid="6" />
                <SequencePoint vc="1" uspid="39" ordinal="9" sl="39" sc="1" el="39" ec="2" bec="0" bev="0" fileid="6" />
                <SequencePoint vc="1" uspid="40" ordinal="10" sl="40" sc="1" el="40" ec="2" bec="0" bev="0" fileid="6" />
                <SequencePoint vc="1" uspid="41" ordinal="11" sl="41" sc="1" el="41" ec="2" bec="0" bev="0" fileid="6" />
                <SequencePoint vc="1" uspid="42" ordinal="12" sl="42" sc="1" el="42" ec="2" bec="0" bev="0" fileid="6" />
              </SequencePoints>
              <BranchPoints />
              <MethodPoint vc="13" uspid="0" p8:type="SequencePoint" ordinal="0" offset="0" sc="0" sl="27" ec="1" el="42" bec="0" bev="0" fileid="6" xmlns:p8="xsi" />
            </Method>
          </Methods>
        </Class>
        <Class>
          <Summary numSequencePoints="7" visitedSequencePoints="7" numBranchPoints="0" visitedBranchPoints="0" sequenceCoverage="100" branchCoverage="100" maxCyclomaticComplexity="1" minCyclomaticComplexity="1" visitedClasses="1" numClasses="1" visitedMethods="1" numMethods="1" />
          <FullName>IdentityServer4.Contrib.AspNetCore.Testing.Services.AbstractIdentityServerProxy/&lt;GetClientAccessTokenAsync&gt;d__4</FullName>
          <Methods>
            <Method cyclomaticComplexity="1" nPathComplexity="0" sequenceCoverage="100" branchCoverage="100" isConstructor="False" isGetter="False" isSetter="False" isStatic="True">
              <Summary numSequencePoints="7" visitedSequencePoints="7" numBranchPoints="0" visitedBranchPoints="0" sequenceCoverage="100" branchCoverage="100" maxCyclomaticComplexity="1" minCyclomaticComplexity="1" visitedClasses="0" numClasses="0" visitedMethods="1" numMethods="1" />
              <MetadataToken />
              <Name>System.Void IdentityServer4.Contrib.AspNetCore.Testing.Services.AbstractIdentityServerProxy/&lt;GetClientAccessTokenAsync&gt;d__4::MoveNext()</Name>
              <FileRef uid="6" />
              <SequencePoints>
                <SequencePoint vc="2" uspid="47" ordinal="0" sl="47" sc="1" el="47" ec="2" bec="0" bev="0" fileid="6" />
                <SequencePoint vc="2" uspid="49" ordinal="1" sl="49" sc="1" el="49" ec="2" bec="0" bev="0" fileid="6" />
                <SequencePoint vc="2" uspid="51" ordinal="2" sl="51" sc="1" el="51" ec="2" bec="0" bev="0" fileid="6" />
                <SequencePoint vc="2" uspid="52" ordinal="3" sl="52" sc="1" el="52" ec="2" bec="0" bev="0" fileid="6" />
                <SequencePoint vc="2" uspid="54" ordinal="4" sl="54" sc="1" el="54" ec="2" bec="0" bev="0" fileid="6" />
                <SequencePoint vc="2" uspid="55" ordinal="5" sl="55" sc="1" el="55" ec="2" bec="0" bev="0" fileid="6" />
                <SequencePoint vc="2" uspid="56" ordinal="6" sl="56" sc="1" el="56" ec="2" bec="0" bev="0" fileid="6" />
              </SequencePoints>
              <BranchPoints />
              <MethodPoint vc="7" uspid="0" p8:type="SequencePoint" ordinal="0" offset="0" sc="0" sl="47" ec="1" el="56" bec="0" bev="0" fileid="6" xmlns:p8="xsi" />
            </Method>
          </Methods>
        </Class>
        <Class>
          <Summary numSequencePoints="8" visitedSequencePoints="8" numBranchPoints="2" visitedBranchPoints="1" sequenceCoverage="100" branchCoverage="50" maxCyclomaticComplexity="2" minCyclomaticComplexity="2" visitedClasses="1" numClasses="1" visitedMethods="1" numMethods="1" />
          <FullName>IdentityServer4.Contrib.AspNetCore.Testing.Services.AbstractIdentityServerProxy/&lt;GetClientAccessTokenAsync&gt;d__5</FullName>
          <Methods>
            <Method cyclomaticComplexity="2" nPathComplexity="0" sequenceCoverage="100" branchCoverage="50" isConstructor="False" isGetter="False" isSetter="False" isStatic="True">
              <Summary numSequencePoints="8" visitedSequencePoints="8" numBranchPoints="2" visitedBranchPoints="1" sequenceCoverage="100" branchCoverage="50" maxCyclomaticComplexity="2" minCyclomaticComplexity="2" visitedClasses="0" numClasses="0" visitedMethods="1" numMethods="1" />
              <MetadataToken />
              <Name>System.Void IdentityServer4.Contrib.AspNetCore.Testing.Services.AbstractIdentityServerProxy/&lt;GetClientAccessTokenAsync&gt;d__5::MoveNext()</Name>
              <FileRef uid="6" />
              <SequencePoints>
                <SequencePoint vc="1" uspid="61" ordinal="0" sl="61" sc="1" el="61" ec="2" bec="0" bev="0" fileid="6" />
                <SequencePoint vc="1" uspid="63" ordinal="1" sl="63" sc="1" el="63" ec="2" bec="0" bev="0" fileid="6" />
                <SequencePoint vc="1" uspid="65" ordinal="2" sl="65" sc="1" el="65" ec="2" bec="2" bev="1" fileid="6" />
                <SequencePoint vc="1" uspid="67" ordinal="3" sl="67" sc="1" el="67" ec="2" bec="0" bev="0" fileid="6" />
                <SequencePoint vc="1" uspid="68" ordinal="4" sl="68" sc="1" el="68" ec="2" bec="0" bev="0" fileid="6" />
                <SequencePoint vc="1" uspid="70" ordinal="5" sl="70" sc="1" el="70" ec="2" bec="0" bev="0" fileid="6" />
                <SequencePoint vc="1" uspid="71" ordinal="6" sl="71" sc="1" el="71" ec="2" bec="0" bev="0" fileid="6" />
                <SequencePoint vc="1" uspid="72" ordinal="7" sl="72" sc="1" el="72" ec="2" bec="0" bev="0" fileid="6" />
              </SequencePoints>
              <BranchPoints>
                <BranchPoint vc="0" uspid="65" ordinal="0" path="0" offset="132" offsetend="134" sl="65" fileid="6" />
                <BranchPoint vc="1" uspid="65" ordinal="1" path="1" offset="132" offsetend="140" sl="65" fileid="6" />
              </BranchPoints>
              <MethodPoint vc="8" uspid="0" p8:type="SequencePoint" ordinal="0" offset="0" sc="0" sl="61" ec="1" el="72" bec="0" bev="0" fileid="6" xmlns:p8="xsi" />
            </Method>
          </Methods>
        </Class>
        <Class>
          <Summary numSequencePoints="7" visitedSequencePoints="7" numBranchPoints="0" visitedBranchPoints="0" sequenceCoverage="100" branchCoverage="100" maxCyclomaticComplexity="1" minCyclomaticComplexity="1" visitedClasses="1" numClasses="1" visitedMethods="1" numMethods="1" />
          <FullName>IdentityServer4.Contrib.AspNetCore.Testing.Services.AbstractIdentityServerProxy/&lt;GetResourceOwnerPasswordAccessTokenAsync&gt;d__6</FullName>
          <Methods>
            <Method cyclomaticComplexity="1" nPathComplexity="0" sequenceCoverage="100" branchCoverage="100" isConstructor="False" isGetter="False" isSetter="False" isStatic="True">
              <Summary numSequencePoints="7" visitedSequencePoints="7" numBranchPoints="0" visitedBranchPoints="0" sequenceCoverage="100" branchCoverage="100" maxCyclomaticComplexity="1" minCyclomaticComplexity="1" visitedClasses="0" numClasses="0" visitedMethods="1" numMethods="1" />
              <MetadataToken />
              <Name>System.Void IdentityServer4.Contrib.AspNetCore.Testing.Services.AbstractIdentityServerProxy/&lt;GetResourceOwnerPasswordAccessTokenAsync&gt;d__6::MoveNext()</Name>
              <FileRef uid="6" />
              <SequencePoints>
                <SequencePoint vc="8" uspid="78" ordinal="0" sl="78" sc="1" el="78" ec="2" bec="0" bev="0" fileid="6" />
                <SequencePoint vc="8" uspid="80" ordinal="1" sl="80" sc="1" el="80" ec="2" bec="0" bev="0" fileid="6" />
                <SequencePoint vc="8" uspid="82" ordinal="2" sl="82" sc="1" el="82" ec="2" bec="0" bev="0" fileid="6" />
                <SequencePoint vc="8" uspid="83" ordinal="3" sl="83" sc="1" el="83" ec="2" bec="0" bev="0" fileid="6" />
                <SequencePoint vc="8" uspid="85" ordinal="4" sl="85" sc="1" el="85" ec="2" bec="0" bev="0" fileid="6" />
                <SequencePoint vc="8" uspid="86" ordinal="5" sl="86" sc="1" el="86" ec="2" bec="0" bev="0" fileid="6" />
                <SequencePoint vc="8" uspid="87" ordinal="6" sl="87" sc="1" el="87" ec="2" bec="0" bev="0" fileid="6" />
              </SequencePoints>
              <BranchPoints />
              <MethodPoint vc="7" uspid="0" p8:type="SequencePoint" ordinal="0" offset="0" sc="0" sl="78" ec="1" el="87" bec="0" bev="0" fileid="6" xmlns:p8="xsi" />
            </Method>
          </Methods>
        </Class>
        <Class>
          <Summary numSequencePoints="7" visitedSequencePoints="7" numBranchPoints="0" visitedBranchPoints="0" sequenceCoverage="100" branchCoverage="100" maxCyclomaticComplexity="1" minCyclomaticComplexity="1" visitedClasses="1" numClasses="1" visitedMethods="1" numMethods="1" />
          <FullName>IdentityServer4.Contrib.AspNetCore.Testing.Services.AbstractIdentityServerProxy/&lt;GetResourceOwnerPasswordAccessTokenAsync&gt;d__7</FullName>
          <Methods>
            <Method cyclomaticComplexity="1" nPathComplexity="0" sequenceCoverage="100" branchCoverage="100" isConstructor="False" isGetter="False" isSetter="False" isStatic="True">
              <Summary numSequencePoints="7" visitedSequencePoints="7" numBranchPoints="0" visitedBranchPoints="0" sequenceCoverage="100" branchCoverage="100" maxCyclomaticComplexity="1" minCyclomaticComplexity="1" visitedClasses="0" numClasses="0" visitedMethods="1" numMethods="1" />
              <MetadataToken />
              <Name>System.Void IdentityServer4.Contrib.AspNetCore.Testing.Services.AbstractIdentityServerProxy/&lt;GetResourceOwnerPasswordAccessTokenAsync&gt;d__7::MoveNext()</Name>
              <FileRef uid="6" />
              <SequencePoints>
                <SequencePoint vc="2" uspid="93" ordinal="0" sl="93" sc="1" el="93" ec="2" bec="0" bev="0" fileid="6" />
                <SequencePoint vc="2" uspid="95" ordinal="1" sl="95" sc="1" el="95" ec="2" bec="0" bev="0" fileid="6" />
                <SequencePoint vc="2" uspid="97" ordinal="2" sl="97" sc="1" el="97" ec="2" bec="0" bev="0" fileid="6" />
                <SequencePoint vc="2" uspid="98" ordinal="3" sl="98" sc="1" el="98" ec="2" bec="0" bev="0" fileid="6" />
                <SequencePoint vc="2" uspid="100" ordinal="4" sl="100" sc="1" el="100" ec="2" bec="0" bev="0" fileid="6" />
                <SequencePoint vc="2" uspid="101" ordinal="5" sl="101" sc="1" el="101" ec="2" bec="0" bev="0" fileid="6" />
                <SequencePoint vc="2" uspid="102" ordinal="6" sl="102" sc="1" el="102" ec="2" bec="0" bev="0" fileid="6" />
              </SequencePoints>
              <BranchPoints />
              <MethodPoint vc="7" uspid="0" p8:type="SequencePoint" ordinal="0" offset="0" sc="0" sl="93" ec="1" el="102" bec="0" bev="0" fileid="6" xmlns:p8="xsi" />
            </Method>
          </Methods>
        </Class>
        <Class>
          <Summary numSequencePoints="7" visitedSequencePoints="7" numBranchPoints="0" visitedBranchPoints="0" sequenceCoverage="100" branchCoverage="100" maxCyclomaticComplexity="1" minCyclomaticComplexity="1" visitedClasses="1" numClasses="1" visitedMethods="1" numMethods="1" />
          <FullName>IdentityServer4.Contrib.AspNetCore.Testing.Services.AbstractIdentityServerProxy/&lt;GetRefreshTokenAsync&gt;d__8</FullName>
          <Methods>
            <Method cyclomaticComplexity="1" nPathComplexity="0" sequenceCoverage="100" branchCoverage="100" isConstructor="False" isGetter="False" isSetter="False" isStatic="True">
              <Summary numSequencePoints="7" visitedSequencePoints="7" numBranchPoints="0" visitedBranchPoints="0" sequenceCoverage="100" branchCoverage="100" maxCyclomaticComplexity="1" minCyclomaticComplexity="1" visitedClasses="0" numClasses="0" visitedMethods="1" numMethods="1" />
              <MetadataToken />
              <Name>System.Void IdentityServer4.Contrib.AspNetCore.Testing.Services.AbstractIdentityServerProxy/&lt;GetRefreshTokenAsync&gt;d__8::MoveNext()</Name>
              <FileRef uid="6" />
              <SequencePoints>
                <SequencePoint vc="1" uspid="107" ordinal="0" sl="107" sc="1" el="107" ec="2" bec="0" bev="0" fileid="6" />
                <SequencePoint vc="1" uspid="109" ordinal="1" sl="109" sc="1" el="109" ec="2" bec="0" bev="0" fileid="6" />
                <SequencePoint vc="1" uspid="111" ordinal="2" sl="111" sc="1" el="111" ec="2" bec="0" bev="0" fileid="6" />
                <SequencePoint vc="1" uspid="112" ordinal="3" sl="112" sc="1" el="112" ec="2" bec="0" bev="0" fileid="6" />
                <SequencePoint vc="1" uspid="114" ordinal="4" sl="114" sc="1" el="114" ec="2" bec="0" bev="0" fileid="6" />
                <SequencePoint vc="1" uspid="115" ordinal="5" sl="115" sc="1" el="115" ec="2" bec="0" bev="0" fileid="6" />
                <SequencePoint vc="1" uspid="116" ordinal="6" sl="116" sc="1" el="116" ec="2" bec="0" bev="0" fileid="6" />
              </SequencePoints>
              <BranchPoints />
              <MethodPoint vc="7" uspid="0" p8:type="SequencePoint" ordinal="0" offset="0" sc="0" sl="107" ec="1" el="116" bec="0" bev="0" fileid="6" xmlns:p8="xsi" />
            </Method>
          </Methods>
        </Class>
        <Class>
          <Summary numSequencePoints="7" visitedSequencePoints="7" numBranchPoints="0" visitedBranchPoints="0" sequenceCoverage="100" branchCoverage="100" maxCyclomaticComplexity="1" minCyclomaticComplexity="1" visitedClasses="1" numClasses="1" visitedMethods="1" numMethods="1" />
          <FullName>IdentityServer4.Contrib.AspNetCore.Testing.Services.AbstractIdentityServerProxy/&lt;GetRefreshTokenAsync&gt;d__9</FullName>
          <Methods>
            <Method cyclomaticComplexity="1" nPathComplexity="0" sequenceCoverage="100" branchCoverage="100" isConstructor="False" isGetter="False" isSetter="False" isStatic="True">
              <Summary numSequencePoints="7" visitedSequencePoints="7" numBranchPoints="0" visitedBranchPoints="0" sequenceCoverage="100" branchCoverage="100" maxCyclomaticComplexity="1" minCyclomaticComplexity="1" visitedClasses="0" numClasses="0" visitedMethods="1" numMethods="1" />
              <MetadataToken />
              <Name>System.Void IdentityServer4.Contrib.AspNetCore.Testing.Services.AbstractIdentityServerProxy/&lt;GetRefreshTokenAsync&gt;d__9::MoveNext()</Name>
              <FileRef uid="6" />
              <SequencePoints>
                <SequencePoint vc="1" uspid="121" ordinal="0" sl="121" sc="1" el="121" ec="2" bec="0" bev="0" fileid="6" />
                <SequencePoint vc="1" uspid="123" ordinal="1" sl="123" sc="1" el="123" ec="2" bec="0" bev="0" fileid="6" />
                <SequencePoint vc="1" uspid="125" ordinal="2" sl="125" sc="1" el="125" ec="2" bec="0" bev="0" fileid="6" />
                <SequencePoint vc="1" uspid="126" ordinal="3" sl="126" sc="1" el="126" ec="2" bec="0" bev="0" fileid="6" />
                <SequencePoint vc="1" uspid="128" ordinal="4" sl="128" sc="1" el="128" ec="2" bec="0" bev="0" fileid="6" />
                <SequencePoint vc="1" uspid="129" ordinal="5" sl="129" sc="1" el="129" ec="2" bec="0" bev="0" fileid="6" />
                <SequencePoint vc="1" uspid="130" ordinal="6" sl="130" sc="1" el="130" ec="2" bec="0" bev="0" fileid="6" />
              </SequencePoints>
              <BranchPoints />
              <MethodPoint vc="7" uspid="0" p8:type="SequencePoint" ordinal="0" offset="0" sc="0" sl="121" ec="1" el="130" bec="0" bev="0" fileid="6" xmlns:p8="xsi" />
            </Method>
          </Methods>
        </Class>
        <Class>
          <Summary numSequencePoints="10" visitedSequencePoints="10" numBranchPoints="0" visitedBranchPoints="0" sequenceCoverage="100" branchCoverage="100" maxCyclomaticComplexity="1" minCyclomaticComplexity="1" visitedClasses="1" numClasses="1" visitedMethods="1" numMethods="1" />
          <FullName>IdentityServer4.Contrib.AspNetCore.Testing.Services.AbstractIdentityServerProxy/&lt;GetUserInfoAsync&gt;d__10</FullName>
          <Methods>
            <Method cyclomaticComplexity="1" nPathComplexity="0" sequenceCoverage="100" branchCoverage="100" isConstructor="False" isGetter="False" isSetter="False" isStatic="True">
              <Summary numSequencePoints="10" visitedSequencePoints="10" numBranchPoints="0" visitedBranchPoints="0" sequenceCoverage="100" branchCoverage="100" maxCyclomaticComplexity="1" minCyclomaticComplexity="1" visitedClasses="0" numClasses="0" visitedMethods="1" numMethods="1" />
              <MetadataToken />
              <Name>System.Void IdentityServer4.Contrib.AspNetCore.Testing.Services.AbstractIdentityServerProxy/&lt;GetUserInfoAsync&gt;d__10::MoveNext()</Name>
              <FileRef uid="6" />
              <SequencePoints>
                <SequencePoint vc="1" uspid="134" ordinal="0" sl="134" sc="1" el="134" ec="2" bec="0" bev="0" fileid="6" />
                <SequencePoint vc="1" uspid="136" ordinal="1" sl="136" sc="1" el="136" ec="2" bec="0" bev="0" fileid="6" />
                <SequencePoint vc="1" uspid="138" ordinal="2" sl="138" sc="1" el="138" ec="2" bec="0" bev="0" fileid="6" />
                <SequencePoint vc="1" uspid="139" ordinal="3" sl="139" sc="1" el="139" ec="2" bec="0" bev="0" fileid="6" />
                <SequencePoint vc="1" uspid="141" ordinal="4" sl="141" sc="1" el="141" ec="2" bec="0" bev="0" fileid="6" />
                <SequencePoint vc="1" uspid="142" ordinal="5" sl="142" sc="1" el="142" ec="2" bec="0" bev="0" fileid="6" />
                <SequencePoint vc="1" uspid="143" ordinal="6" sl="143" sc="1" el="143" ec="2" bec="0" bev="0" fileid="6" />
                <SequencePoint vc="1" uspid="144" ordinal="7" sl="144" sc="1" el="144" ec="2" bec="0" bev="0" fileid="6" />
                <SequencePoint vc="1" uspid="145" ordinal="8" sl="145" sc="1" el="145" ec="2" bec="0" bev="0" fileid="6" />
                <SequencePoint vc="1" uspid="146" ordinal="9" sl="146" sc="1" el="146" ec="2" bec="0" bev="0" fileid="6" />
              </SequencePoints>
              <BranchPoints />
              <MethodPoint vc="10" uspid="0" p8:type="SequencePoint" ordinal="0" offset="0" sc="0" sl="134" ec="1" el="146" bec="0" bev="0" fileid="6" xmlns:p8="xsi" />
            </Method>
          </Methods>
        </Class>
        <Class>
          <Summary numSequencePoints="5" visitedSequencePoints="4" numBranchPoints="2" visitedBranchPoints="1" sequenceCoverage="80" branchCoverage="50" maxCyclomaticComplexity="2" minCyclomaticComplexity="1" visitedClasses="1" numClasses="1" visitedMethods="2" numMethods="2" />
          <FullName>IdentityServer4.Contrib.AspNetCore.Testing.Services.IdentityServerHostProxy</FullName>
          <Methods>
            <Method cyclomaticComplexity="1" nPathComplexity="0" sequenceCoverage="100" branchCoverage="100" isConstructor="False" isGetter="True" isSetter="False" isStatic="True">
              <Summary numSequencePoints="1" visitedSequencePoints="1" numBranchPoints="0" visitedBranchPoints="0" sequenceCoverage="100" branchCoverage="100" maxCyclomaticComplexity="1" minCyclomaticComplexity="1" visitedClasses="0" numClasses="0" visitedMethods="1" numMethods="1" />
              <MetadataToken />
              <Name>Microsoft.AspNetCore.TestHost.TestServer IdentityServer4.Contrib.AspNetCore.Testing.Services.IdentityServerHostProxy::get_IdentityServer()</Name>
              <FileRef uid="7" />
              <SequencePoints>
                <SequencePoint vc="2" uspid="19" ordinal="0" sl="19" sc="1" el="19" ec="2" bec="0" bev="0" fileid="7" />
              </SequencePoints>
              <BranchPoints />
              <MethodPoint vc="1" uspid="0" p8:type="SequencePoint" ordinal="0" offset="0" sc="0" sl="19" ec="1" el="19" bec="0" bev="0" fileid="7" xmlns:p8="xsi" />
            </Method>
            <Method cyclomaticComplexity="2" nPathComplexity="0" sequenceCoverage="75" branchCoverage="50" isConstructor="True" isGetter="False" isSetter="False" isStatic="True">
              <Summary numSequencePoints="4" visitedSequencePoints="3" numBranchPoints="2" visitedBranchPoints="1" sequenceCoverage="75" branchCoverage="50" maxCyclomaticComplexity="2" minCyclomaticComplexity="2" visitedClasses="0" numClasses="0" visitedMethods="1" numMethods="1" />
              <MetadataToken />
              <Name>System.Void IdentityServer4.Contrib.AspNetCore.Testing.Services.IdentityServerHostProxy::.ctor(Microsoft.Extensions.Hosting.IHostBuilder)</Name>
              <FileRef uid="7" />
              <SequencePoints>
                <SequencePoint vc="1" uspid="12" ordinal="0" sl="12" sc="1" el="12" ec="2" bec="0" bev="0" fileid="7" />
                <SequencePoint vc="0" uspid="14" ordinal="1" sl="14" sc="1" el="14" ec="2" bec="2" bev="1" fileid="7" />
                <SequencePoint vc="1" uspid="16" ordinal="2" sl="16" sc="1" el="16" ec="2" bec="0" bev="0" fileid="7" />
                <SequencePoint vc="1" uspid="17" ordinal="3" sl="17" sc="1" el="17" ec="2" bec="0" bev="0" fileid="7" />
              </SequencePoints>
              <BranchPoints>
                <BranchPoint vc="0" uspid="14" ordinal="0" path="0" offset="7" offsetend="9" sl="14" fileid="7" />
                <BranchPoint vc="1" uspid="14" ordinal="1" path="1" offset="7" offsetend="20" sl="14" fileid="7" />
              </BranchPoints>
              <MethodPoint vc="3" uspid="0" p8:type="SequencePoint" ordinal="1" offset="1" sc="0" sl="12" ec="1" el="17" bec="0" bev="0" fileid="7" xmlns:p8="xsi" />
            </Method>
          </Methods>
        </Class>
        <Class>
          <Summary numSequencePoints="3" visitedSequencePoints="0" numBranchPoints="2" visitedBranchPoints="0" sequenceCoverage="0" branchCoverage="0" maxCyclomaticComplexity="2" minCyclomaticComplexity="2" visitedClasses="0" numClasses="1" visitedMethods="0" numMethods="1" />
          <FullName>IdentityServer4.Contrib.AspNetCore.Testing.Services.IdentityServerHostProxy/&lt;DisposeAsync&gt;d__4</FullName>
          <Methods>
            <Method cyclomaticComplexity="2" nPathComplexity="0" sequenceCoverage="0" branchCoverage="0" isConstructor="False" isGetter="False" isSetter="False" isStatic="True">
              <Summary numSequencePoints="3" visitedSequencePoints="0" numBranchPoints="2" visitedBranchPoints="0" sequenceCoverage="0" branchCoverage="0" maxCyclomaticComplexity="2" minCyclomaticComplexity="2" visitedClasses="0" numClasses="0" visitedMethods="0" numMethods="1" />
              <MetadataToken />
              <Name>System.Void IdentityServer4.Contrib.AspNetCore.Testing.Services.IdentityServerHostProxy/&lt;DisposeAsync&gt;d__4::MoveNext()</Name>
              <FileRef uid="7" />
              <SequencePoints>
                <SequencePoint vc="0" uspid="23" ordinal="0" sl="23" sc="1" el="23" ec="2" bec="2" bev="0" fileid="7" />
                <SequencePoint vc="0" uspid="25" ordinal="1" sl="25" sc="1" el="25" ec="2" bec="0" bev="0" fileid="7" />
                <SequencePoint vc="0" uspid="26" ordinal="2" sl="26" sc="1" el="26" ec="2" bec="0" bev="0" fileid="7" />
              </SequencePoints>
              <BranchPoints>
                <BranchPoint vc="0" uspid="23" ordinal="0" path="0" offset="23" offsetend="25" sl="23" fileid="7" />
                <BranchPoint vc="0" uspid="23" ordinal="1" path="1" offset="23" offsetend="30" sl="23" fileid="7" />
              </BranchPoints>
              <MethodPoint vc="0" uspid="0" p8:type="SequencePoint" ordinal="0" offset="0" sc="0" sl="23" ec="1" el="26" bec="0" bev="0" fileid="7" xmlns:p8="xsi" />
            </Method>
          </Methods>
        </Class>
        <Class>
          <Summary numSequencePoints="4" visitedSequencePoints="0" numBranchPoints="0" visitedBranchPoints="0" sequenceCoverage="0" branchCoverage="100" maxCyclomaticComplexity="1" minCyclomaticComplexity="1" visitedClasses="0" numClasses="1" visitedMethods="0" numMethods="2" />
          <FullName>IdentityServer4.Contrib.AspNetCore.Testing.Services.IdentityServerProxy</FullName>
          <Methods>
            <Method cyclomaticComplexity="1" nPathComplexity="0" sequenceCoverage="0" branchCoverage="100" isConstructor="True" isGetter="False" isSetter="False" isStatic="True">
              <Summary numSequencePoints="2" visitedSequencePoints="0" numBranchPoints="0" visitedBranchPoints="0" sequenceCoverage="0" branchCoverage="100" maxCyclomaticComplexity="1" minCyclomaticComplexity="1" visitedClasses="0" numClasses="0" visitedMethods="0" numMethods="1" />
              <MetadataToken />
              <Name>System.Void IdentityServer4.Contrib.AspNetCore.Testing.Services.IdentityServerProxy::.ctor(Microsoft.AspNetCore.Hosting.IWebHostBuilder)</Name>
              <FileRef uid="8" />
              <SequencePoints>
                <SequencePoint vc="0" uspid="11" ordinal="0" sl="11" sc="1" el="11" ec="2" bec="0" bev="0" fileid="8" />
                <SequencePoint vc="0" uspid="13" ordinal="1" sl="13" sc="1" el="13" ec="2" bec="0" bev="0" fileid="8" />
              </SequencePoints>
              <BranchPoints />
              <MethodPoint vc="0" uspid="0" p8:type="SequencePoint" ordinal="0" offset="0" sc="0" sl="11" ec="1" el="13" bec="0" bev="0" fileid="8" xmlns:p8="xsi" />
            </Method>
            <Method cyclomaticComplexity="1" nPathComplexity="0" sequenceCoverage="0" branchCoverage="100" isConstructor="True" isGetter="False" isSetter="False" isStatic="True">
              <Summary numSequencePoints="2" visitedSequencePoints="0" numBranchPoints="0" visitedBranchPoints="0" sequenceCoverage="0" branchCoverage="100" maxCyclomaticComplexity="1" minCyclomaticComplexity="1" visitedClasses="0" numClasses="0" visitedMethods="0" numMethods="1" />
              <MetadataToken />
              <Name>System.Void IdentityServer4.Contrib.AspNetCore.Testing.Services.IdentityServerProxy::.ctor(Microsoft.AspNetCore.TestHost.TestServer)</Name>
              <FileRef uid="8" />
              <SequencePoints>
                <SequencePoint vc="0" uspid="15" ordinal="0" sl="15" sc="1" el="15" ec="2" bec="0" bev="0" fileid="8" />
                <SequencePoint vc="0" uspid="17" ordinal="1" sl="17" sc="1" el="17" ec="2" bec="0" bev="0" fileid="8" />
              </SequencePoints>
              <BranchPoints />
              <MethodPoint vc="0" uspid="0" p8:type="SequencePoint" ordinal="1" offset="1" sc="0" sl="15" ec="1" el="17" bec="0" bev="0" fileid="8" xmlns:p8="xsi" />
            </Method>
          </Methods>
        </Class>
        <Class>
          <Summary numSequencePoints="10" visitedSequencePoints="5" numBranchPoints="2" visitedBranchPoints="1" sequenceCoverage="50" branchCoverage="50" maxCyclomaticComplexity="2" minCyclomaticComplexity="1" visitedClasses="1" numClasses="1" visitedMethods="2" numMethods="3" />
          <FullName>IdentityServer4.Contrib.AspNetCore.Testing.Services.IdentityServerWebHostProxy</FullName>
          <Methods>
            <Method cyclomaticComplexity="1" nPathComplexity="0" sequenceCoverage="100" branchCoverage="100" isConstructor="False" isGetter="True" isSetter="False" isStatic="True">
              <Summary numSequencePoints="1" visitedSequencePoints="1" numBranchPoints="0" visitedBranchPoints="0" sequenceCoverage="100" branchCoverage="100" maxCyclomaticComplexity="1" minCyclomaticComplexity="1" visitedClasses="0" numClasses="0" visitedMethods="1" numMethods="1" />
              <MetadataToken />
              <Name>Microsoft.AspNetCore.TestHost.TestServer IdentityServer4.Contrib.AspNetCore.Testing.Services.IdentityServerWebHostProxy::get_IdentityServer()</Name>
              <FileRef uid="9" />
              <SequencePoints>
                <SequencePoint vc="54" uspid="24" ordinal="0" sl="24" sc="1" el="24" ec="2" bec="0" bev="0" fileid="9" />
              </SequencePoints>
              <BranchPoints />
              <MethodPoint vc="1" uspid="0" p8:type="SequencePoint" ordinal="0" offset="0" sc="0" sl="24" ec="1" el="24" bec="0" bev="0" fileid="9" xmlns:p8="xsi" />
            </Method>
            <Method cyclomaticComplexity="2" nPathComplexity="0" sequenceCoverage="66.66" branchCoverage="50" isConstructor="True" isGetter="False" isSetter="False" isStatic="True">
              <Summary numSequencePoints="6" visitedSequencePoints="4" numBranchPoints="2" visitedBranchPoints="1" sequenceCoverage="66.66" branchCoverage="50" maxCyclomaticComplexity="2" minCyclomaticComplexity="2" visitedClasses="0" numClasses="0" visitedMethods="1" numMethods="1" />
              <MetadataToken />
              <Name>System.Void IdentityServer4.Contrib.AspNetCore.Testing.Services.IdentityServerWebHostProxy::.ctor(Microsoft.AspNetCore.Hosting.IWebHostBuilder)</Name>
              <FileRef uid="9" />
              <SequencePoints>
                <SequencePoint vc="15" uspid="9" ordinal="0" sl="9" sc="1" el="9" ec="2" bec="0" bev="0" fileid="9" />
                <SequencePoint vc="15" uspid="11" ordinal="1" sl="11" sc="1" el="11" ec="2" bec="2" bev="1" fileid="9" />
                <SequencePoint vc="0" uspid="12" ordinal="2" sl="12" sc="1" el="12" ec="2" bec="0" bev="0" fileid="9" />
                <SequencePoint vc="0" uspid="13" ordinal="3" sl="13" sc="1" el="13" ec="2" bec="0" bev="0" fileid="9" />
                <SequencePoint vc="15" uspid="15" ordinal="4" sl="15" sc="1" el="15" ec="2" bec="0" bev="0" fileid="9" />
                <SequencePoint vc="15" uspid="16" ordinal="5" sl="16" sc="1" el="16" ec="2" bec="0" bev="0" fileid="9" />
              </SequencePoints>
              <BranchPoints>
                <BranchPoint vc="0" uspid="11" ordinal="0" path="0" offset="7" offsetend="9" sl="11" fileid="9" />
                <BranchPoint vc="15" uspid="11" ordinal="1" path="1" offset="7" offsetend="25" sl="11" fileid="9" />
              </BranchPoints>
              <MethodPoint vc="4" uspid="0" p8:type="SequencePoint" ordinal="1" offset="1" sc="0" sl="9" ec="1" el="16" bec="0" bev="0" fileid="9" xmlns:p8="xsi" />
            </Method>
            <Method cyclomaticComplexity="1" nPathComplexity="0" sequenceCoverage="0" branchCoverage="100" isConstructor="True" isGetter="False" isSetter="False" isStatic="True">
              <Summary numSequencePoints="3" visitedSequencePoints="0" numBranchPoints="0" visitedBranchPoints="0" sequenceCoverage="0" branchCoverage="100" maxCyclomaticComplexity="1" minCyclomaticComplexity="1" visitedClasses="0" numClasses="0" visitedMethods="0" numMethods="1" />
              <MetadataToken />
              <Name>System.Void IdentityServer4.Contrib.AspNetCore.Testing.Services.IdentityServerWebHostProxy::.ctor(Microsoft.AspNetCore.TestHost.TestServer)</Name>
              <FileRef uid="9" />
              <SequencePoints>
                <SequencePoint vc="0" uspid="19" ordinal="0" sl="19" sc="1" el="19" ec="2" bec="0" bev="0" fileid="9" />
                <SequencePoint vc="0" uspid="21" ordinal="1" sl="21" sc="1" el="21" ec="2" bec="0" bev="0" fileid="9" />
                <SequencePoint vc="0" uspid="22" ordinal="2" sl="22" sc="1" el="22" ec="2" bec="0" bev="0" fileid="9" />
              </SequencePoints>
              <BranchPoints />
              <MethodPoint vc="0" uspid="0" p8:type="SequencePoint" ordinal="2" offset="2" sc="0" sl="19" ec="1" el="22" bec="0" bev="0" fileid="9" xmlns:p8="xsi" />
            </Method>
          </Methods>
        </Class>
        <Class>
          <Summary numSequencePoints="6" visitedSequencePoints="4" numBranchPoints="2" visitedBranchPoints="2" sequenceCoverage="66.66" branchCoverage="100" maxCyclomaticComplexity="2" minCyclomaticComplexity="1" visitedClasses="1" numClasses="1" visitedMethods="2" numMethods="3" />
          <FullName>IdentityServer4.Contrib.AspNetCore.Testing.Misc.DefaultLoggerProvider</FullName>
          <Methods>
            <Method cyclomaticComplexity="1" nPathComplexity="0" sequenceCoverage="100" branchCoverage="100" isConstructor="False" isGetter="False" isSetter="False" isStatic="True">
              <Summary numSequencePoints="1" visitedSequencePoints="1" numBranchPoints="0" visitedBranchPoints="0" sequenceCoverage="100" branchCoverage="100" maxCyclomaticComplexity="1" minCyclomaticComplexity="1" visitedClasses="0" numClasses="0" visitedMethods="1" numMethods="1" />
              <MetadataToken />
              <Name>Microsoft.Extensions.Logging.ILogger IdentityServer4.Contrib.AspNetCore.Testing.Misc.DefaultLoggerProvider::CreateLogger(System.String)</Name>
              <FileRef uid="10" />
              <SequencePoints>
                <SequencePoint vc="872" uspid="16" ordinal="0" sl="16" sc="1" el="16" ec="2" bec="0" bev="0" fileid="10" />
              </SequencePoints>
              <BranchPoints />
              <MethodPoint vc="1" uspid="0" p8:type="SequencePoint" ordinal="0" offset="0" sc="0" sl="16" ec="1" el="16" bec="0" bev="0" fileid="10" xmlns:p8="xsi" />
            </Method>
            <Method cyclomaticComplexity="1" nPathComplexity="0" sequenceCoverage="0" branchCoverage="100" isConstructor="False" isGetter="False" isSetter="False" isStatic="True">
              <Summary numSequencePoints="2" visitedSequencePoints="0" numBranchPoints="0" visitedBranchPoints="0" sequenceCoverage="0" branchCoverage="100" maxCyclomaticComplexity="1" minCyclomaticComplexity="1" visitedClasses="0" numClasses="0" visitedMethods="0" numMethods="1" />
              <MetadataToken />
              <Name>System.Void IdentityServer4.Contrib.AspNetCore.Testing.Misc.DefaultLoggerProvider::Dispose()</Name>
              <FileRef uid="10" />
              <SequencePoints>
                <SequencePoint vc="0" uspid="21" ordinal="0" sl="21" sc="1" el="21" ec="2" bec="0" bev="0" fileid="10" />
                <SequencePoint vc="0" uspid="22" ordinal="1" sl="22" sc="1" el="22" ec="2" bec="0" bev="0" fileid="10" />
              </SequencePoints>
              <BranchPoints />
              <MethodPoint vc="0" uspid="0" p8:type="SequencePoint" ordinal="1" offset="1" sc="0" sl="21" ec="1" el="22" bec="0" bev="0" fileid="10" xmlns:p8="xsi" />
            </Method>
            <Method cyclomaticComplexity="2" nPathComplexity="0" sequenceCoverage="100" branchCoverage="100" isConstructor="True" isGetter="False" isSetter="False" isStatic="True">
              <Summary numSequencePoints="3" visitedSequencePoints="3" numBranchPoints="2" visitedBranchPoints="2" sequenceCoverage="100" branchCoverage="100" maxCyclomaticComplexity="2" minCyclomaticComplexity="2" visitedClasses="0" numClasses="0" visitedMethods="1" numMethods="1" />
              <MetadataToken />
              <Name>System.Void IdentityServer4.Contrib.AspNetCore.Testing.Misc.DefaultLoggerProvider::.ctor(Microsoft.Extensions.Logging.ILoggerFactory)</Name>
              <FileRef uid="10" />
              <SequencePoints>
                <SequencePoint vc="23" uspid="9" ordinal="0" sl="9" sc="1" el="9" ec="2" bec="0" bev="0" fileid="10" />
                <SequencePoint vc="23" uspid="11" ordinal="1" sl="11" sc="1" el="11" ec="2" bec="2" bev="2" fileid="10" />
                <SequencePoint vc="23" uspid="12" ordinal="2" sl="12" sc="1" el="12" ec="2" bec="0" bev="0" fileid="10" />
              </SequencePoints>
              <BranchPoints>
                <BranchPoint vc="23" uspid="11" ordinal="0" path="0" offset="9" offsetend="11" sl="11" fileid="10" />
                <BranchPoint vc="23" uspid="11" ordinal="1" path="1" offset="9" offsetend="17" sl="11" fileid="10" />
              </BranchPoints>
              <MethodPoint vc="3" uspid="0" p8:type="SequencePoint" ordinal="2" offset="2" sc="0" sl="9" ec="1" el="12" bec="0" bev="0" fileid="10" xmlns:p8="xsi" />
            </Method>
          </Methods>
        </Class>
        <Class>
          <Summary numSequencePoints="16" visitedSequencePoints="5" numBranchPoints="6" visitedBranchPoints="1" sequenceCoverage="31.25" branchCoverage="16.66" maxCyclomaticComplexity="2" minCyclomaticComplexity="1" visitedClasses="1" numClasses="1" visitedMethods="2" numMethods="7" />
          <FullName>IdentityServer4.Contrib.AspNetCore.Testing.Misc.IdentityServerEventCaptureStore</FullName>
          <Methods>
            <Method cyclomaticComplexity="2" nPathComplexity="0" sequenceCoverage="66.66" branchCoverage="50" isConstructor="False" isGetter="False" isSetter="False" isStatic="True">
              <Summary numSequencePoints="3" visitedSequencePoints="2" numBranchPoints="2" visitedBranchPoints="1" sequenceCoverage="66.66" branchCoverage="50" maxCyclomaticComplexity="2" minCyclomaticComplexity="2" visitedClasses="0" numClasses="0" visitedMethods="1" numMethods="1" />
              <MetadataToken />
              <Name>System.Void IdentityServer4.Contrib.AspNetCore.Testing.Misc.IdentityServerEventCaptureStore::AddEvent(IdentityServer4.Events.Event)</Name>
              <FileRef uid="11" />
              <SequencePoints>
                <SequencePoint vc="0" uspid="19" ordinal="0" sl="19" sc="1" el="19" ec="2" bec="2" bev="1" fileid="11" />
                <SequencePoint vc="32" uspid="21" ordinal="1" sl="21" sc="1" el="21" ec="2" bec="0" bev="0" fileid="11" />
                <SequencePoint vc="32" uspid="22" ordinal="2" sl="22" sc="1" el="22" ec="2" bec="0" bev="0" fileid="11" />
              </SequencePoints>
              <BranchPoints>
                <BranchPoint vc="0" uspid="19" ordinal="0" path="0" offset="1" offsetend="3" sl="19" fileid="11" />
                <BranchPoint vc="32" uspid="19" ordinal="1" path="1" offset="1" offsetend="14" sl="19" fileid="11" />
              </BranchPoints>
              <MethodPoint vc="2" uspid="0" p8:type="SequencePoint" ordinal="0" offset="0" sc="0" sl="19" ec="1" el="22" bec="0" bev="0" fileid="11" xmlns:p8="xsi" />
            </Method>
            <Method cyclomaticComplexity="1" nPathComplexity="0" sequenceCoverage="0" branchCoverage="100" isConstructor="False" isGetter="False" isSetter="False" isStatic="True">
              <Summary numSequencePoints="1" visitedSequencePoints="0" numBranchPoints="0" visitedBranchPoints="0" sequenceCoverage="0" branchCoverage="100" maxCyclomaticComplexity="1" minCyclomaticComplexity="1" visitedClasses="0" numClasses="0" visitedMethods="0" numMethods="1" />
              <MetadataToken />
              <Name>IdentityServer4.Events.Event IdentityServer4.Contrib.AspNetCore.Testing.Misc.IdentityServerEventCaptureStore::GetById(System.Int32)</Name>
              <FileRef uid="11" />
              <SequencePoints>
                <SequencePoint vc="0" uspid="26" ordinal="0" sl="26" sc="1" el="26" ec="2" bec="0" bev="0" fileid="11" />
              </SequencePoints>
              <BranchPoints />
              <MethodPoint vc="0" uspid="0" p8:type="SequencePoint" ordinal="1" offset="1" sc="0" sl="26" ec="1" el="26" bec="0" bev="0" fileid="11" xmlns:p8="xsi" />
            </Method>
            <Method cyclomaticComplexity="1" nPathComplexity="0" sequenceCoverage="0" branchCoverage="100" isConstructor="False" isGetter="False" isSetter="False" isStatic="True">
              <Summary numSequencePoints="1" visitedSequencePoints="0" numBranchPoints="0" visitedBranchPoints="0" sequenceCoverage="0" branchCoverage="100" maxCyclomaticComplexity="1" minCyclomaticComplexity="1" visitedClasses="0" numClasses="0" visitedMethods="0" numMethods="1" />
              <MetadataToken />
              <Name>System.Collections.Generic.IEnumerable`1&lt;IdentityServer4.Events.Event&gt; IdentityServer4.Contrib.AspNetCore.Testing.Misc.IdentityServerEventCaptureStore::GetEvents()</Name>
              <FileRef uid="11" />
              <SequencePoints>
                <SequencePoint vc="0" uspid="31" ordinal="0" sl="31" sc="1" el="31" ec="2" bec="0" bev="0" fileid="11" />
              </SequencePoints>
              <BranchPoints />
              <MethodPoint vc="0" uspid="0" p8:type="SequencePoint" ordinal="2" offset="2" sc="0" sl="31" ec="1" el="31" bec="0" bev="0" fileid="11" xmlns:p8="xsi" />
            </Method>
            <Method cyclomaticComplexity="1" nPathComplexity="0" sequenceCoverage="0" branchCoverage="100" isConstructor="False" isGetter="False" isSetter="False" isStatic="True">
              <Summary numSequencePoints="2" visitedSequencePoints="0" numBranchPoints="0" visitedBranchPoints="0" sequenceCoverage="0" branchCoverage="100" maxCyclomaticComplexity="1" minCyclomaticComplexity="1" visitedClasses="0" numClasses="0" visitedMethods="0" numMethods="1" />
              <MetadataToken />
              <Name>System.Boolean IdentityServer4.Contrib.AspNetCore.Testing.Misc.IdentityServerEventCaptureStore::ContainsEventType(IdentityServer4.Events.EventTypes)</Name>
              <FileRef uid="11" />
              <SequencePoints>
                <SequencePoint vc="0" uspid="36" ordinal="0" sl="36" sc="1" el="36" ec="2" bec="0" bev="0" fileid="11" />
                <SequencePoint vc="0" uspid="37" ordinal="1" sl="37" sc="1" el="37" ec="2" bec="0" bev="0" fileid="11" />
              </SequencePoints>
              <BranchPoints />
              <MethodPoint vc="0" uspid="0" p8:type="SequencePoint" ordinal="3" offset="3" sc="0" sl="36" ec="1" el="37" bec="0" bev="0" fileid="11" xmlns:p8="xsi" />
            </Method>
            <Method cyclomaticComplexity="2" nPathComplexity="0" sequenceCoverage="0" branchCoverage="0" isConstructor="False" isGetter="False" isSetter="False" isStatic="True">
              <Summary numSequencePoints="3" visitedSequencePoints="0" numBranchPoints="2" visitedBranchPoints="0" sequenceCoverage="0" branchCoverage="0" maxCyclomaticComplexity="2" minCyclomaticComplexity="2" visitedClasses="0" numClasses="0" visitedMethods="0" numMethods="1" />
              <MetadataToken />
              <Name>System.Boolean IdentityServer4.Contrib.AspNetCore.Testing.Misc.IdentityServerEventCaptureStore::ContainsMessage(System.String,System.StringComparison)</Name>
              <FileRef uid="11" />
              <SequencePoints>
                <SequencePoint vc="0" uspid="42" ordinal="0" sl="42" sc="1" el="42" ec="2" bec="2" bev="0" fileid="11" />
                <SequencePoint vc="0" uspid="44" ordinal="1" sl="44" sc="1" el="44" ec="2" bec="0" bev="0" fileid="11" />
                <SequencePoint vc="0" uspid="45" ordinal="2" sl="45" sc="1" el="45" ec="2" bec="0" bev="0" fileid="11" />
              </SequencePoints>
              <BranchPoints>
                <BranchPoint vc="0" uspid="42" ordinal="0" path="0" offset="31" offsetend="33" sl="42" fileid="11" />
                <BranchPoint vc="0" uspid="42" ordinal="1" path="1" offset="31" offsetend="44" sl="42" fileid="11" />
              </BranchPoints>
              <MethodPoint vc="0" uspid="0" p8:type="SequencePoint" ordinal="4" offset="4" sc="0" sl="42" ec="1" el="45" bec="0" bev="0" fileid="11" xmlns:p8="xsi" />
            </Method>
            <Method cyclomaticComplexity="2" nPathComplexity="0" sequenceCoverage="0" branchCoverage="0" isConstructor="False" isGetter="False" isSetter="False" isStatic="True">
              <Summary numSequencePoints="3" visitedSequencePoints="0" numBranchPoints="2" visitedBranchPoints="0" sequenceCoverage="0" branchCoverage="0" maxCyclomaticComplexity="2" minCyclomaticComplexity="2" visitedClasses="0" numClasses="0" visitedMethods="0" numMethods="1" />
              <MetadataToken />
              <Name>System.Boolean IdentityServer4.Contrib.AspNetCore.Testing.Misc.IdentityServerEventCaptureStore::ContainsMessageStartsWith(System.String,System.StringComparison)</Name>
              <FileRef uid="11" />
              <SequencePoints>
                <SequencePoint vc="0" uspid="51" ordinal="0" sl="51" sc="1" el="51" ec="2" bec="2" bev="0" fileid="11" />
                <SequencePoint vc="0" uspid="53" ordinal="1" sl="53" sc="1" el="53" ec="2" bec="0" bev="0" fileid="11" />
                <SequencePoint vc="0" uspid="54" ordinal="2" sl="54" sc="1" el="54" ec="2" bec="0" bev="0" fileid="11" />
              </SequencePoints>
              <BranchPoints>
                <BranchPoint vc="0" uspid="51" ordinal="0" path="0" offset="31" offsetend="33" sl="51" fileid="11" />
                <BranchPoint vc="0" uspid="51" ordinal="1" path="1" offset="31" offsetend="44" sl="51" fileid="11" />
              </BranchPoints>
              <MethodPoint vc="0" uspid="0" p8:type="SequencePoint" ordinal="5" offset="5" sc="0" sl="51" ec="1" el="54" bec="0" bev="0" fileid="11" xmlns:p8="xsi" />
            </Method>
            <Method cyclomaticComplexity="1" nPathComplexity="0" sequenceCoverage="100" branchCoverage="100" isConstructor="True" isGetter="False" isSetter="False" isStatic="True">
              <Summary numSequencePoints="3" visitedSequencePoints="3" numBranchPoints="0" visitedBranchPoints="0" sequenceCoverage="100" branchCoverage="100" maxCyclomaticComplexity="1" minCyclomaticComplexity="1" visitedClasses="0" numClasses="0" visitedMethods="1" numMethods="1" />
              <MetadataToken />
              <Name>System.Void IdentityServer4.Contrib.AspNetCore.Testing.Misc.IdentityServerEventCaptureStore::.ctor()</Name>
              <FileRef uid="11" />
              <SequencePoints>
                <SequencePoint vc="26" uspid="12" ordinal="0" sl="12" sc="1" el="12" ec="2" bec="0" bev="0" fileid="11" />
                <SequencePoint vc="26" uspid="14" ordinal="1" sl="14" sc="1" el="14" ec="2" bec="0" bev="0" fileid="11" />
                <SequencePoint vc="26" uspid="15" ordinal="2" sl="15" sc="1" el="15" ec="2" bec="0" bev="0" fileid="11" />
              </SequencePoints>
              <BranchPoints />
              <MethodPoint vc="3" uspid="0" p8:type="SequencePoint" ordinal="6" offset="6" sc="0" sl="12" ec="1" el="15" bec="0" bev="0" fileid="11" xmlns:p8="xsi" />
            </Method>
          </Methods>
        </Class>
        <Class>
          <Summary numSequencePoints="6" visitedSequencePoints="6" numBranchPoints="0" visitedBranchPoints="0" sequenceCoverage="100" branchCoverage="100" maxCyclomaticComplexity="1" minCyclomaticComplexity="1" visitedClasses="1" numClasses="1" visitedMethods="3" numMethods="3" />
          <FullName>IdentityServer4.Contrib.AspNetCore.Testing.Configuration.ClientConfiguration</FullName>
          <Methods>
[...]
              <Summary numSequencePoints="3" visitedSequencePoints="0" numBranchPoints="0" visitedBranchPoints="0" sequenceCoverage="0" branchCoverage="100" maxCyclomaticComplexity="1" minCyclomaticComplexity="1" visitedClasses="0" numClasses="0" visitedMethods="0" numMethods="1" />
              <MetadataToken />
              <Name>Microsoft.AspNetCore.Hosting.IWebHostBuilder IdentityServer4.Server.Program::CreateWebHostBuilder(System.String[])</Name>
              <FileRef uid="20" />
              <SequencePoints>
                <SequencePoint vc="0" uspid="23" ordinal="0" sl="23" sc="1" el="23" ec="2" bec="0" bev="0" fileid="20" />
                <SequencePoint vc="0" uspid="24" ordinal="1" sl="24" sc="1" el="24" ec="2" bec="0" bev="0" fileid="20" />
                <SequencePoint vc="0" uspid="25" ordinal="2" sl="25" sc="1" el="25" ec="2" bec="0" bev="0" fileid="20" />
              </SequencePoints>
              <BranchPoints />
              <MethodPoint vc="0" uspid="0" p8:type="SequencePoint" ordinal="1" offset="1" sc="0" sl="23" ec="1" el="25" bec="0" bev="0" fileid="20" xmlns:p8="xsi" />
            </Method>
            <Method cyclomaticComplexity="1" nPathComplexity="0" sequenceCoverage="0" branchCoverage="100" isConstructor="False" isGetter="False" isSetter="False" isStatic="True">
              <Summary numSequencePoints="9" visitedSequencePoints="0" numBranchPoints="0" visitedBranchPoints="0" sequenceCoverage="0" branchCoverage="100" maxCyclomaticComplexity="1" minCyclomaticComplexity="1" visitedClasses="0" numClasses="0" visitedMethods="0" numMethods="1" />
              <MetadataToken />
              <Name>System.Void IdentityServer4.Server.Program::ConfigureLogger(Microsoft.AspNetCore.Hosting.WebHostBuilderContext,Serilog.LoggerConfiguration)</Name>
              <FileRef uid="20" />
              <SequencePoints>
                <SequencePoint vc="0" uspid="30" ordinal="0" sl="30" sc="1" el="30" ec="2" bec="0" bev="0" fileid="20" />
                <SequencePoint vc="0" uspid="31" ordinal="1" sl="31" sc="1" el="31" ec="2" bec="0" bev="0" fileid="20" />
                <SequencePoint vc="0" uspid="32" ordinal="2" sl="32" sc="1" el="32" ec="2" bec="0" bev="0" fileid="20" />
                <SequencePoint vc="0" uspid="33" ordinal="3" sl="33" sc="1" el="33" ec="2" bec="0" bev="0" fileid="20" />
                <SequencePoint vc="0" uspid="34" ordinal="4" sl="34" sc="1" el="34" ec="2" bec="0" bev="0" fileid="20" />
                <SequencePoint vc="0" uspid="35" ordinal="5" sl="35" sc="1" el="35" ec="2" bec="0" bev="0" fileid="20" />
                <SequencePoint vc="0" uspid="36" ordinal="6" sl="36" sc="1" el="36" ec="2" bec="0" bev="0" fileid="20" />
                <SequencePoint vc="0" uspid="37" ordinal="7" sl="37" sc="1" el="37" ec="2" bec="0" bev="0" fileid="20" />
                <SequencePoint vc="0" uspid="38" ordinal="8" sl="38" sc="1" el="38" ec="2" bec="0" bev="0" fileid="20" />
              </SequencePoints>
              <BranchPoints />
              <MethodPoint vc="0" uspid="0" p8:type="SequencePoint" ordinal="2" offset="2" sc="0" sl="30" ec="1" el="38" bec="0" bev="0" fileid="20" xmlns:p8="xsi" />
            </Method>
          </Methods>
        </Class>
        <Class>
          <Summary numSequencePoints="28" visitedSequencePoints="0" numBranchPoints="0" visitedBranchPoints="0" sequenceCoverage="0" branchCoverage="100" maxCyclomaticComplexity="1" minCyclomaticComplexity="1" visitedClasses="0" numClasses="1" visitedMethods="0" numMethods="2" />
          <FullName>IdentityServer4.Server.Startup</FullName>
          <Methods>
            <Method cyclomaticComplexity="1" nPathComplexity="0" sequenceCoverage="0" branchCoverage="100" isConstructor="False" isGetter="False" isSetter="False" isStatic="True">
              <Summary numSequencePoints="20" visitedSequencePoints="0" numBranchPoints="0" visitedBranchPoints="0" sequenceCoverage="0" branchCoverage="100" maxCyclomaticComplexity="1" minCyclomaticComplexity="1" visitedClasses="0" numClasses="0" visitedMethods="0" numMethods="1" />
              <MetadataToken />
              <Name>System.Void IdentityServer4.Server.Startup::ConfigureServices(Microsoft.Extensions.DependencyInjection.IServiceCollection)</Name>
              <FileRef uid="21" />
              <SequencePoints>
                <SequencePoint vc="0" uspid="15" ordinal="0" sl="15" sc="1" el="15" ec="2" bec="0" bev="0" fileid="21" />
                <SequencePoint vc="0" uspid="16" ordinal="1" sl="16" sc="1" el="16" ec="2" bec="0" bev="0" fileid="21" />
                <SequencePoint vc="0" uspid="17" ordinal="2" sl="17" sc="1" el="17" ec="2" bec="0" bev="0" fileid="21" />
                <SequencePoint vc="0" uspid="18" ordinal="3" sl="18" sc="1" el="18" ec="2" bec="0" bev="0" fileid="21" />
                <SequencePoint vc="0" uspid="19" ordinal="4" sl="19" sc="1" el="19" ec="2" bec="0" bev="0" fileid="21" />
                <SequencePoint vc="0" uspid="20" ordinal="5" sl="20" sc="1" el="20" ec="2" bec="0" bev="0" fileid="21" />
                <SequencePoint vc="0" uspid="21" ordinal="6" sl="21" sc="1" el="21" ec="2" bec="0" bev="0" fileid="21" />
                <SequencePoint vc="0" uspid="22" ordinal="7" sl="22" sc="1" el="22" ec="2" bec="0" bev="0" fileid="21" />
                <SequencePoint vc="0" uspid="23" ordinal="8" sl="23" sc="1" el="23" ec="2" bec="0" bev="0" fileid="21" />
                <SequencePoint vc="0" uspid="24" ordinal="9" sl="24" sc="1" el="24" ec="2" bec="0" bev="0" fileid="21" />
                <SequencePoint vc="0" uspid="25" ordinal="10" sl="25" sc="1" el="25" ec="2" bec="0" bev="0" fileid="21" />
                <SequencePoint vc="0" uspid="26" ordinal="11" sl="26" sc="1" el="26" ec="2" bec="0" bev="0" fileid="21" />
                <SequencePoint vc="0" uspid="27" ordinal="12" sl="27" sc="1" el="27" ec="2" bec="0" bev="0" fileid="21" />
                <SequencePoint vc="0" uspid="28" ordinal="13" sl="28" sc="1" el="28" ec="2" bec="0" bev="0" fileid="21" />
                <SequencePoint vc="0" uspid="29" ordinal="14" sl="29" sc="1" el="29" ec="2" bec="0" bev="0" fileid="21" />
                <SequencePoint vc="0" uspid="30" ordinal="15" sl="30" sc="1" el="30" ec="2" bec="0" bev="0" fileid="21" />
                <SequencePoint vc="0" uspid="31" ordinal="16" sl="31" sc="1" el="31" ec="2" bec="0" bev="0" fileid="21" />
                <SequencePoint vc="0" uspid="32" ordinal="17" sl="32" sc="1" el="32" ec="2" bec="0" bev="0" fileid="21" />
                <SequencePoint vc="0" uspid="33" ordinal="18" sl="33" sc="1" el="33" ec="2" bec="0" bev="0" fileid="21" />
                <SequencePoint vc="0" uspid="34" ordinal="19" sl="34" sc="1" el="34" ec="2" bec="0" bev="0" fileid="21" />
              </SequencePoints>
              <BranchPoints />
              <MethodPoint vc="0" uspid="0" p8:type="SequencePoint" ordinal="0" offset="0" sc="0" sl="15" ec="1" el="34" bec="0" bev="0" fileid="21" xmlns:p8="xsi" />
            </Method>
            <Method cyclomaticComplexity="1" nPathComplexity="0" sequenceCoverage="0" branchCoverage="100" isConstructor="False" isGetter="False" isSetter="False" isStatic="True">
              <Summary numSequencePoints="8" visitedSequencePoints="0" numBranchPoints="0" visitedBranchPoints="0" sequenceCoverage="0" branchCoverage="100" maxCyclomaticComplexity="1" minCyclomaticComplexity="1" visitedClasses="0" numClasses="0" visitedMethods="0" numMethods="1" />
              <MetadataToken />
              <Name>System.Void IdentityServer4.Server.Startup::Configure(Microsoft.AspNetCore.Builder.IApplicationBuilder)</Name>
              <FileRef uid="21" />
              <SequencePoints>
                <SequencePoint vc="0" uspid="38" ordinal="0" sl="38" sc="1" el="38" ec="2" bec="0" bev="0" fileid="21" />
                <SequencePoint vc="0" uspid="40" ordinal="1" sl="40" sc="1" el="40" ec="2" bec="0" bev="0" fileid="21" />
                <SequencePoint vc="0" uspid="41" ordinal="2" sl="41" sc="1" el="41" ec="2" bec="0" bev="0" fileid="21" />
                <SequencePoint vc="0" uspid="42" ordinal="3" sl="42" sc="1" el="42" ec="2" bec="0" bev="0" fileid="21" />
                <SequencePoint vc="0" uspid="43" ordinal="4" sl="43" sc="1" el="43" ec="2" bec="0" bev="0" fileid="21" />
                <SequencePoint vc="0" uspid="44" ordinal="5" sl="44" sc="1" el="44" ec="2" bec="0" bev="0" fileid="21" />
                <SequencePoint vc="0" uspid="45" ordinal="6" sl="45" sc="1" el="45" ec="2" bec="0" bev="0" fileid="21" />
                <SequencePoint vc="0" uspid="46" ordinal="7" sl="46" sc="1" el="46" ec="2" bec="0" bev="0" fileid="21" />
              </SequencePoints>
              <BranchPoints />
              <MethodPoint vc="0" uspid="0" p8:type="SequencePoint" ordinal="1" offset="1" sc="0" sl="38" ec="1" el="46" bec="0" bev="0" fileid="21" xmlns:p8="xsi" />
            </Method>
          </Methods>
        </Class>
        <Class>
          <Summary numSequencePoints="4" visitedSequencePoints="0" numBranchPoints="0" visitedBranchPoints="0" sequenceCoverage="0" branchCoverage="100" maxCyclomaticComplexity="1" minCyclomaticComplexity="1" visitedClasses="0" numClasses="1" visitedMethods="0" numMethods="1" />
          <FullName>IdentityServer4.Server.Models.ApiResources</FullName>
          <Methods>
            <Method cyclomaticComplexity="1" nPathComplexity="0" sequenceCoverage="0" branchCoverage="100" isConstructor="False" isGetter="True" isSetter="False" isStatic="True">
              <Summary numSequencePoints="4" visitedSequencePoints="0" numBranchPoints="0" visitedBranchPoints="0" sequenceCoverage="0" branchCoverage="100" maxCyclomaticComplexity="1" minCyclomaticComplexity="1" visitedClasses="0" numClasses="0" visitedMethods="0" numMethods="1" />
              <MetadataToken />
              <Name>System.Collections.Generic.IEnumerable`1&lt;IdentityServer4.Models.ApiResource&gt; IdentityServer4.Server.Models.ApiResources::get_GetApiResources()</Name>
              <FileRef uid="22" />
              <SequencePoints>
                <SequencePoint vc="0" uspid="9" ordinal="0" sl="9" sc="1" el="9" ec="2" bec="0" bev="0" fileid="22" />
                <SequencePoint vc="0" uspid="10" ordinal="1" sl="10" sc="1" el="10" ec="2" bec="0" bev="0" fileid="22" />
                <SequencePoint vc="0" uspid="11" ordinal="2" sl="11" sc="1" el="11" ec="2" bec="0" bev="0" fileid="22" />
                <SequencePoint vc="0" uspid="12" ordinal="3" sl="12" sc="1" el="12" ec="2" bec="0" bev="0" fileid="22" />
              </SequencePoints>
              <BranchPoints />
              <MethodPoint vc="0" uspid="0" p8:type="SequencePoint" ordinal="0" offset="0" sc="0" sl="9" ec="1" el="12" bec="0" bev="0" fileid="22" xmlns:p8="xsi" />
            </Method>
          </Methods>
        </Class>
        <Class>
          <Summary numSequencePoints="24" visitedSequencePoints="0" numBranchPoints="0" visitedBranchPoints="0" sequenceCoverage="0" branchCoverage="100" maxCyclomaticComplexity="1" minCyclomaticComplexity="1" visitedClasses="0" numClasses="1" visitedMethods="0" numMethods="1" />
          <FullName>IdentityServer4.Server.Models.Clients</FullName>
          <Methods>
            <Method cyclomaticComplexity="1" nPathComplexity="0" sequenceCoverage="0" branchCoverage="100" isConstructor="False" isGetter="True" isSetter="False" isStatic="True">
              <Summary numSequencePoints="24" visitedSequencePoints="0" numBranchPoints="0" visitedBranchPoints="0" sequenceCoverage="0" branchCoverage="100" maxCyclomaticComplexity="1" minCyclomaticComplexity="1" visitedClasses="0" numClasses="0" visitedMethods="0" numMethods="1" />
              <MetadataToken />
              <Name>System.Collections.Generic.IEnumerable`1&lt;IdentityServer4.Models.Client&gt; IdentityServer4.Server.Models.Clients::get_GetClients()</Name>
              <FileRef uid="23" />
              <SequencePoints>
                <SequencePoint vc="0" uspid="12" ordinal="0" sl="12" sc="1" el="12" ec="2" bec="0" bev="0" fileid="23" />
                <SequencePoint vc="0" uspid="13" ordinal="1" sl="13" sc="1" el="13" ec="2" bec="0" bev="0" fileid="23" />
                <SequencePoint vc="0" uspid="14" ordinal="2" sl="14" sc="1" el="14" ec="2" bec="0" bev="0" fileid="23" />
                <SequencePoint vc="0" uspid="15" ordinal="3" sl="15" sc="1" el="15" ec="2" bec="0" bev="0" fileid="23" />
                <SequencePoint vc="0" uspid="16" ordinal="4" sl="16" sc="1" el="16" ec="2" bec="0" bev="0" fileid="23" />
                <SequencePoint vc="0" uspid="17" ordinal="5" sl="17" sc="1" el="17" ec="2" bec="0" bev="0" fileid="23" />
                <SequencePoint vc="0" uspid="18" ordinal="6" sl="18" sc="1" el="18" ec="2" bec="0" bev="0" fileid="23" />
                <SequencePoint vc="0" uspid="19" ordinal="7" sl="19" sc="1" el="19" ec="2" bec="0" bev="0" fileid="23" />
                <SequencePoint vc="0" uspid="20" ordinal="8" sl="20" sc="1" el="20" ec="2" bec="0" bev="0" fileid="23" />
                <SequencePoint vc="0" uspid="21" ordinal="9" sl="21" sc="1" el="21" ec="2" bec="0" bev="0" fileid="23" />
                <SequencePoint vc="0" uspid="22" ordinal="10" sl="22" sc="1" el="22" ec="2" bec="0" bev="0" fileid="23" />
                <SequencePoint vc="0" uspid="23" ordinal="11" sl="23" sc="1" el="23" ec="2" bec="0" bev="0" fileid="23" />
                <SequencePoint vc="0" uspid="24" ordinal="12" sl="24" sc="1" el="24" ec="2" bec="0" bev="0" fileid="23" />
                <SequencePoint vc="0" uspid="25" ordinal="13" sl="25" sc="1" el="25" ec="2" bec="0" bev="0" fileid="23" />
                <SequencePoint vc="0" uspid="26" ordinal="14" sl="26" sc="1" el="26" ec="2" bec="0" bev="0" fileid="23" />
                <SequencePoint vc="0" uspid="27" ordinal="15" sl="27" sc="1" el="27" ec="2" bec="0" bev="0" fileid="23" />
                <SequencePoint vc="0" uspid="28" ordinal="16" sl="28" sc="1" el="28" ec="2" bec="0" bev="0" fileid="23" />
                <SequencePoint vc="0" uspid="29" ordinal="17" sl="29" sc="1" el="29" ec="2" bec="0" bev="0" fileid="23" />
                <SequencePoint vc="0" uspid="30" ordinal="18" sl="30" sc="1" el="30" ec="2" bec="0" bev="0" fileid="23" />
                <SequencePoint vc="0" uspid="31" ordinal="19" sl="31" sc="1" el="31" ec="2" bec="0" bev="0" fileid="23" />
                <SequencePoint vc="0" uspid="32" ordinal="20" sl="32" sc="1" el="32" ec="2" bec="0" bev="0" fileid="23" />
                <SequencePoint vc="0" uspid="33" ordinal="21" sl="33" sc="1" el="33" ec="2" bec="0" bev="0" fileid="23" />
                <SequencePoint vc="0" uspid="34" ordinal="22" sl="34" sc="1" el="34" ec="2" bec="0" bev="0" fileid="23" />
                <SequencePoint vc="0" uspid="35" ordinal="23" sl="35" sc="1" el="35" ec="2" bec="0" bev="0" fileid="23" />
              </SequencePoints>
              <BranchPoints />
              <MethodPoint vc="0" uspid="0" p8:type="SequencePoint" ordinal="0" offset="0" sc="0" sl="12" ec="1" el="35" bec="0" bev="0" fileid="23" xmlns:p8="xsi" />
            </Method>
          </Methods>
        </Class>
        <Class>
          <Summary numSequencePoints="5" visitedSequencePoints="0" numBranchPoints="0" visitedBranchPoints="0" sequenceCoverage="0" branchCoverage="100" maxCyclomaticComplexity="1" minCyclomaticComplexity="1" visitedClasses="0" numClasses="1" visitedMethods="0" numMethods="1" />
          <FullName>IdentityServer4.Server.Models.IdentityResources</FullName>
          <Methods>
            <Method cyclomaticComplexity="1" nPathComplexity="0" sequenceCoverage="0" branchCoverage="100" isConstructor="False" isGetter="True" isSetter="False" isStatic="True">
              <Summary numSequencePoints="5" visitedSequencePoints="0" numBranchPoints="0" visitedBranchPoints="0" sequenceCoverage="0" branchCoverage="100" maxCyclomaticComplexity="1" minCyclomaticComplexity="1" visitedClasses="0" numClasses="0" visitedMethods="0" numMethods="1" />
              <MetadataToken />
              <Name>System.Collections.Generic.IEnumerable`1&lt;IdentityServer4.Models.IdentityResource&gt; IdentityServer4.Server.Models.IdentityResources::get_GetIdentityResources()</Name>
              <FileRef uid="24" />
              <SequencePoints>
                <SequencePoint vc="0" uspid="9" ordinal="0" sl="9" sc="1" el="9" ec="2" bec="0" bev="0" fileid="24" />
                <SequencePoint vc="0" uspid="10" ordinal="1" sl="10" sc="1" el="10" ec="2" bec="0" bev="0" fileid="24" />
                <SequencePoint vc="0" uspid="11" ordinal="2" sl="11" sc="1" el="11" ec="2" bec="0" bev="0" fileid="24" />
                <SequencePoint vc="0" uspid="12" ordinal="3" sl="12" sc="1" el="12" ec="2" bec="0" bev="0" fileid="24" />
                <SequencePoint vc="0" uspid="13" ordinal="4" sl="13" sc="1" el="13" ec="2" bec="0" bev="0" fileid="24" />
              </SequencePoints>
              <BranchPoints />
              <MethodPoint vc="0" uspid="0" p8:type="SequencePoint" ordinal="0" offset="0" sc="0" sl="9" ec="1" el="13" bec="0" bev="0" fileid="24" xmlns:p8="xsi" />
            </Method>
          </Methods>
        </Class>
        <Class>
          <Summary numSequencePoints="10" visitedSequencePoints="0" numBranchPoints="0" visitedBranchPoints="0" sequenceCoverage="0" branchCoverage="100" maxCyclomaticComplexity="1" minCyclomaticComplexity="1" visitedClasses="0" numClasses="1" visitedMethods="0" numMethods="1" />
          <FullName>IdentityServer4.Server.Models.TestUsers</FullName>
          <Methods>
            <Method cyclomaticComplexity="1" nPathComplexity="0" sequenceCoverage="0" branchCoverage="100" isConstructor="False" isGetter="False" isSetter="False" isStatic="True">
              <Summary numSequencePoints="10" visitedSequencePoints="0" numBranchPoints="0" visitedBranchPoints="0" sequenceCoverage="0" branchCoverage="100" maxCyclomaticComplexity="1" minCyclomaticComplexity="1" visitedClasses="0" numClasses="0" visitedMethods="0" numMethods="1" />
              <MetadataToken />
              <Name>System.Collections.Generic.List`1&lt;IdentityServer4.Test.TestUser&gt; IdentityServer4.Server.Models.TestUsers::GeTestUsers()</Name>
              <FileRef uid="25" />
              <SequencePoints>
                <SequencePoint vc="0" uspid="10" ordinal="0" sl="10" sc="1" el="10" ec="2" bec="0" bev="0" fileid="25" />
                <SequencePoint vc="0" uspid="11" ordinal="1" sl="11" sc="1" el="11" ec="2" bec="0" bev="0" fileid="25" />
                <SequencePoint vc="0" uspid="12" ordinal="2" sl="12" sc="1" el="12" ec="2" bec="0" bev="0" fileid="25" />
                <SequencePoint vc="0" uspid="13" ordinal="3" sl="13" sc="1" el="13" ec="2" bec="0" bev="0" fileid="25" />
                <SequencePoint vc="0" uspid="14" ordinal="4" sl="14" sc="1" el="14" ec="2" bec="0" bev="0" fileid="25" />
                <SequencePoint vc="0" uspid="15" ordinal="5" sl="15" sc="1" el="15" ec="2" bec="0" bev="0" fileid="25" />
                <SequencePoint vc="0" uspid="16" ordinal="6" sl="16" sc="1" el="16" ec="2" bec="0" bev="0" fileid="25" />
                <SequencePoint vc="0" uspid="17" ordinal="7" sl="17" sc="1" el="17" ec="2" bec="0" bev="0" fileid="25" />
                <SequencePoint vc="0" uspid="18" ordinal="8" sl="18" sc="1" el="18" ec="2" bec="0" bev="0" fileid="25" />
                <SequencePoint vc="0" uspid="19" ordinal="9" sl="19" sc="1" el="19" ec="2" bec="0" bev="0" fileid="25" />
              </SequencePoints>
              <BranchPoints />
              <MethodPoint vc="0" uspid="0" p8:type="SequencePoint" ordinal="0" offset="0" sc="0" sl="10" ec="1" el="19" bec="0" bev="0" fileid="25" xmlns:p8="xsi" />
            </Method>
          </Methods>
        </Class>
      </Classes>
    </Module>
  </Modules>
</CoverageSession>